[01m[K/home/aims/catkin_ws/src/Onboard-SDK-ROS-3.8.1/dji_sdk/src/camera_pub_and_apriltag.cpp:[m[K In function ‚Äò[01m[Kint main(int, char**)[m[K‚Äô:
[01m[K/home/aims/catkin_ws/src/Onboard-SDK-ROS-3.8.1/dji_sdk/src/camera_pub_and_apriltag.cpp:117:9:[m[K [01;31m[Kerror: [m[K‚Äò[01m[Kpub[m[K‚Äô was not declared in this scope
         [01;31m[Kpub[m[K.publish(msg); // Ïù¥ÎØ∏ÏßÄ Ï∂úÎ†•
         [01;31m[K^~~[m[K
[01m[K/home/aims/catkin_ws/src/Onboard-SDK-ROS-3.8.1/dji_sdk/src/camera_pub_and_apriltag.cpp:120:3:[m[K [01;31m[Kerror: [m[K‚Äò[01m[Kcam_info_pub[m[K‚Äô was not declared in this scope
   [01;31m[Kcam_info_pub[m[K.publish(cam_info);
   [01;31m[K^~~~~~~~~~~~[m[K
[01m[K/home/aims/catkin_ws/src/Onboard-SDK-ROS-3.8.1/dji_sdk/src/camera_pub_and_apriltag.cpp:120:3:[m[K [01;36m[Knote: [m[Ksuggested alternative: ‚Äò[01m[Kcam_info[m[K‚Äô
   [01;36m[Kcam_info_pub[m[K.publish(cam_info);
   [01;36m[K^~~~~~~~~~~~[m[K
   [32m[Kcam_info[m[K
make[2]: *** [CMakeFiles/camera_pub_and_apriltag.dir/src/camera_pub_and_apriltag.cpp.o] Error 1
make[1]: *** [CMakeFiles/camera_pub_and_apriltag.dir/all] Error 2
make: *** [all] Error 2
