[01m[K/home/aims/catkin_ws/src/Onboard-SDK-ROS-3.8.1/dji_sdk/src/talker_ros_18.cpp:[m[K In lambda function:
[01m[K/home/aims/catkin_ws/src/Onboard-SDK-ROS-3.8.1/dji_sdk/src/talker_ros_18.cpp:297:11:[m[K [01;31m[Kerror: [m[Kâ€˜[01m[Kmsecs_tag_time_now[m[Kâ€™ was not declared in this scope
           [01;31m[Kmsecs_tag_time_now[m[K = (time_now.tv_sec * 1000) + (time_now.tv_usec / 1000);
           [01;31m[K^~~~~~~~~~~~~~~~~~[m[K
[01m[K/home/aims/catkin_ws/src/Onboard-SDK-ROS-3.8.1/dji_sdk/src/talker_ros_18.cpp:297:11:[m[K [01;36m[Knote: [m[Ksuggested alternative: â€˜[01m[Kmsecs_tag_time[m[Kâ€™
           [01;36m[Kmsecs_tag_time_now[m[K = (time_now.tv_sec * 1000) + (time_now.tv_usec / 1000);
           [01;36m[K^~~~~~~~~~~~~~~~~~[m[K
           [32m[Kmsecs_tag_time[m[K
make[2]: *** [CMakeFiles/talker_ros_18.dir/src/talker_ros_18.cpp.o] Error 1
make[1]: *** [CMakeFiles/talker_ros_18.dir/all] Error 2
make: *** [all] Error 2
