[01m[K/home/aims/catkin_ws/src/Onboard-SDK-ROS-3.8.1/dji_sdk/src/platform_simulator.cpp:[m[K In lambda function:
[01m[K/home/aims/catkin_ws/src/Onboard-SDK-ROS-3.8.1/dji_sdk/src/platform_simulator.cpp:173:12:[m[K [01;31m[Kerror: [m[Kâ€˜[01m[Ktf2_msgs::TFMessage {aka struct tf2_msgs::TFMessage_<std::allocator<void> >}[m[Kâ€™ has no member named â€˜[01m[Ktransform[m[Kâ€™; did you mean â€˜[01m[Ktransforms[m[Kâ€™?
     tag_po.[01;31m[Ktransform[m[K.insert(0.0);
            [01;31m[K^~~~~~~~~[m[K
            [32m[Ktransforms[m[K
[01m[K/home/aims/catkin_ws/src/Onboard-SDK-ROS-3.8.1/dji_sdk/src/platform_simulator.cpp:176:13:[m[K [01;31m[Kerror: [m[Kâ€˜[01m[Ktf_msg[m[Kâ€™ was not declared in this scope
     cout << [01;31m[Ktf_msg[m[K << endl;
             [01;31m[K^~~~~~[m[K
[01m[K/home/aims/catkin_ws/src/Onboard-SDK-ROS-3.8.1/dji_sdk/src/platform_simulator.cpp:176:13:[m[K [01;36m[Knote: [m[Ksuggested alternative: â€˜[01m[Ktf2Log[m[Kâ€™
     cout << [01;36m[Ktf_msg[m[K << endl;
             [01;36m[K^~~~~~[m[K
             [32m[Ktf2Log[m[K
make[2]: *** [CMakeFiles/platform_simulator.dir/src/platform_simulator.cpp.o] Error 1
make[1]: *** [CMakeFiles/platform_simulator.dir/all] Error 2
make: *** [all] Error 2
