[01m[K/home/aims/catkin_ws/src/Onboard-SDK-ROS-3.8.1/dji_sdk/src/camera_pub_and_apriltag.cpp:[m[K In function â€˜[01m[Kint main(int, char**)[m[Kâ€™:
[01m[K/home/aims/catkin_ws/src/Onboard-SDK-ROS-3.8.1/dji_sdk/src/camera_pub_and_apriltag.cpp:200:22:[m[K [01;31m[Kerror: [m[Kâ€˜[01m[Ktime_flot[m[Kâ€™ was not declared in this scope
         time_float = [01;31m[Ktime_flot[m[K / 1000;
                      [01;31m[K^~~~~~~~~[m[K
[01m[K/home/aims/catkin_ws/src/Onboard-SDK-ROS-3.8.1/dji_sdk/src/camera_pub_and_apriltag.cpp:200:22:[m[K [01;36m[Knote: [m[Ksuggested alternative: â€˜[01m[Ktime_float[m[Kâ€™
         time_float = [01;36m[Ktime_flot[m[K / 1000;
                      [01;36m[K^~~~~~~~~[m[K
                      [32m[Ktime_float[m[K
make[2]: *** [CMakeFiles/camera_pub_and_apriltag.dir/src/camera_pub_and_apriltag.cpp.o] Error 1
make[1]: *** [CMakeFiles/camera_pub_and_apriltag.dir/all] Error 2
make: *** [all] Error 2
