[01m[K/home/aims/catkin_ws/src/Onboard-SDK-ROS-3.8.1/dji_sdk/src/talker_ros_19.cpp:[m[K In lambda function:
[01m[K/home/aims/catkin_ws/src/Onboard-SDK-ROS-3.8.1/dji_sdk/src/talker_ros_19.cpp:471:36:[m[K [01;31m[Kerror: [m[Kâ€˜[01m[Kinput_l[m[Kâ€™ was not declared in this scope
           float cont[] = {input_f, [01;31m[Kinput_l[m[K, spd_u, spd_y} // ì „ì¢ŒìƒíšŒì „
                                    [01;31m[K^~~~~~~[m[K
[01m[K/home/aims/catkin_ws/src/Onboard-SDK-ROS-3.8.1/dji_sdk/src/talker_ros_19.cpp:471:36:[m[K [01;36m[Knote: [m[Ksuggested alternative: â€˜[01m[Kinpuy_l[m[Kâ€™
           float cont[] = {input_f, [01;36m[Kinput_l[m[K, spd_u, spd_y} // ì „ì¢ŒìƒíšŒì „
                                    [01;36m[K^~~~~~~[m[K
                                    [32m[Kinpuy_l[m[K
make[2]: *** [CMakeFiles/talker_ros_19.dir/src/talker_ros_19.cpp.o] Error 1
make[1]: *** [CMakeFiles/talker_ros_19.dir/all] Error 2
make: *** [all] Error 2
