[01m[K/home/aims/catkin_ws/src/Onboard-SDK-ROS-3.8.1/dji_sdk/src/talker_sim_4.cpp:[m[K In lambda function:
[01m[K/home/aims/catkin_ws/src/Onboard-SDK-ROS-3.8.1/dji_sdk/src/talker_sim_4.cpp:242:59:[m[K [01;31m[Kerror: [m[Kexpected primary-expression before â€˜[01m[K)[m[Kâ€™ token
       float move_right = target_spd + kp * (prop) + kd * ([01;31m[K)[m[K /dt;
                                                           [01;31m[K^[m[K
make[2]: *** [CMakeFiles/talker_sim_4.dir/src/talker_sim_4.cpp.o] Error 1
make[1]: *** [CMakeFiles/talker_sim_4.dir/all] Error 2
make: *** [all] Error 2
