[01m[K/home/aims/catkin_ws/src/Onboard-SDK-ROS-3.8.1/dji_sdk/src/camera_pub_and_apriltag.cpp:[m[K In function â€˜[01m[Kint main(int, char**)[m[Kâ€™:
[01m[K/home/aims/catkin_ws/src/Onboard-SDK-ROS-3.8.1/dji_sdk/src/camera_pub_and_apriltag.cpp:134:14:[m[K [01;31m[Kerror: [m[Kâ€˜[01m[Ktag36h10_create[m[Kâ€™ was not declared in this scope
         tf = [01;31m[Ktag36h10_create[m[K();
              [01;31m[K^~~~~~~~~~~~~~~[m[K
[01m[K/home/aims/catkin_ws/src/Onboard-SDK-ROS-3.8.1/dji_sdk/src/camera_pub_and_apriltag.cpp:134:14:[m[K [01;36m[Knote: [m[Ksuggested alternative: â€˜[01m[Ktag36h11_create[m[Kâ€™
         tf = [01;36m[Ktag36h10_create[m[K();
              [01;36m[K^~~~~~~~~~~~~~~[m[K
              [32m[Ktag36h11_create[m[K
[01m[K/home/aims/catkin_ws/src/Onboard-SDK-ROS-3.8.1/dji_sdk/src/camera_pub_and_apriltag.cpp:136:14:[m[K [01;31m[Kerror: [m[Kâ€˜[01m[Ktag36artoolkit_create[m[Kâ€™ was not declared in this scope
         tf = [01;31m[Ktag36artoolkit_create[m[K();
              [01;31m[K^~~~~~~~~~~~~~~~~~~~~[m[K
[01m[K/home/aims/catkin_ws/src/Onboard-SDK-ROS-3.8.1/dji_sdk/src/camera_pub_and_apriltag.cpp:136:14:[m[K [01;36m[Knote: [m[Ksuggested alternative: â€˜[01m[Ktag36h11_create[m[Kâ€™
         tf = [01;36m[Ktag36artoolkit_create[m[K();
              [01;36m[K^~~~~~~~~~~~~~~~~~~~~[m[K
              [32m[Ktag36h11_create[m[K
[01m[K/home/aims/catkin_ws/src/Onboard-SDK-ROS-3.8.1/dji_sdk/src/camera_pub_and_apriltag.cpp:138:14:[m[K [01;31m[Kerror: [m[Kâ€˜[01m[Ktag25h9_create[m[Kâ€™ was not declared in this scope
         tf = [01;31m[Ktag25h9_create[m[K();
              [01;31m[K^~~~~~~~~~~~~~[m[K
[01m[K/home/aims/catkin_ws/src/Onboard-SDK-ROS-3.8.1/dji_sdk/src/camera_pub_and_apriltag.cpp:138:14:[m[K [01;36m[Knote: [m[Ksuggested alternative: â€˜[01m[Ktag36h11_create[m[Kâ€™
         tf = [01;36m[Ktag25h9_create[m[K();
              [01;36m[K^~~~~~~~~~~~~~[m[K
              [32m[Ktag36h11_create[m[K
[01m[K/home/aims/catkin_ws/src/Onboard-SDK-ROS-3.8.1/dji_sdk/src/camera_pub_and_apriltag.cpp:140:14:[m[K [01;31m[Kerror: [m[Kâ€˜[01m[Ktag25h7_create[m[Kâ€™ was not declared in this scope
         tf = [01;31m[Ktag25h7_create[m[K();
              [01;31m[K^~~~~~~~~~~~~~[m[K
[01m[K/home/aims/catkin_ws/src/Onboard-SDK-ROS-3.8.1/dji_sdk/src/camera_pub_and_apriltag.cpp:140:14:[m[K [01;36m[Knote: [m[Ksuggested alternative: â€˜[01m[Ktag36h11_create[m[Kâ€™
         tf = [01;36m[Ktag25h7_create[m[K();
              [01;36m[K^~~~~~~~~~~~~~[m[K
              [32m[Ktag36h11_create[m[K
[01m[K/home/aims/catkin_ws/src/Onboard-SDK-ROS-3.8.1/dji_sdk/src/camera_pub_and_apriltag.cpp:285:4:[m[K [01;31m[Kerror: [m[Kâ€˜[01m[Ktag25h9_destroy[m[Kâ€™ was not declared in this scope
    [01;31m[Ktag25h9_destroy[m[K(tf);
    [01;31m[K^~~~~~~~~~~~~~~[m[K
[01m[K/home/aims/catkin_ws/src/Onboard-SDK-ROS-3.8.1/dji_sdk/src/camera_pub_and_apriltag.cpp:285:4:[m[K [01;36m[Knote: [m[Ksuggested alternative: â€˜[01m[Ktag36h11_destroy[m[Kâ€™
    [01;36m[Ktag25h9_destroy[m[K(tf);
    [01;36m[K^~~~~~~~~~~~~~~[m[K
    [32m[Ktag36h11_destroy[m[K
[01m[K/home/aims/catkin_ws/src/Onboard-SDK-ROS-3.8.1/dji_sdk/src/camera_pub_and_apriltag.cpp:287:4:[m[K [01;31m[Kerror: [m[Kâ€˜[01m[Ktag16h5_destroy[m[Kâ€™ was not declared in this scope
    [01;31m[Ktag16h5_destroy[m[K(tf);
    [01;31m[K^~~~~~~~~~~~~~~[m[K
[01m[K/home/aims/catkin_ws/src/Onboard-SDK-ROS-3.8.1/dji_sdk/src/camera_pub_and_apriltag.cpp:287:4:[m[K [01;36m[Knote: [m[Ksuggested alternative: â€˜[01m[Ktag36h11_destroy[m[Kâ€™
    [01;36m[Ktag16h5_destroy[m[K(tf);
    [01;36m[K^~~~~~~~~~~~~~~[m[K
    [32m[Ktag36h11_destroy[m[K
[01m[K/home/aims/catkin_ws/src/Onboard-SDK-ROS-3.8.1/dji_sdk/src/camera_pub_and_apriltag.cpp:289:4:[m[K [01;31m[Kerror: [m[Kâ€˜[01m[KtagCircle21h7_destroy[m[Kâ€™ was not declared in this scope
    [01;31m[KtagCircle21h7_destroy[m[K(tf);
    [01;31m[K^~~~~~~~~~~~~~~~~~~~~[m[K
[01m[K/home/aims/catkin_ws/src/Onboard-SDK-ROS-3.8.1/dji_sdk/src/camera_pub_and_apriltag.cpp:289:4:[m[K [01;36m[Knote: [m[Ksuggested alternative: â€˜[01m[Ktag36h11_destroy[m[Kâ€™
    [01;36m[KtagCircle21h7_destroy[m[K(tf);
    [01;36m[K^~~~~~~~~~~~~~~~~~~~~[m[K
    [32m[Ktag36h11_destroy[m[K
[01m[K/home/aims/catkin_ws/src/Onboard-SDK-ROS-3.8.1/dji_sdk/src/camera_pub_and_apriltag.cpp:291:4:[m[K [01;31m[Kerror: [m[Kâ€˜[01m[KtagCircle49h12_destroy[m[Kâ€™ was not declared in this scope
    [01;31m[KtagCircle49h12_destroy[m[K(tf);
    [01;31m[K^~~~~~~~~~~~~~~~~~~~~~[m[K
[01m[K/home/aims/catkin_ws/src/Onboard-SDK-ROS-3.8.1/dji_sdk/src/camera_pub_and_apriltag.cpp:291:4:[m[K [01;36m[Knote: [m[Ksuggested alternative: â€˜[01m[Ktag36h11_destroy[m[Kâ€™
    [01;36m[KtagCircle49h12_destroy[m[K(tf);
    [01;36m[K^~~~~~~~~~~~~~~~~~~~~~[m[K
    [32m[Ktag36h11_destroy[m[K
[01m[K/home/aims/catkin_ws/src/Onboard-SDK-ROS-3.8.1/dji_sdk/src/camera_pub_and_apriltag.cpp:293:4:[m[K [01;31m[Kerror: [m[Kâ€˜[01m[KtagStandard41h12_destroy[m[Kâ€™ was not declared in this scope
    [01;31m[KtagStandard41h12_destroy[m[K(tf);
    [01;31m[K^~~~~~~~~~~~~~~~~~~~~~~~[m[K
[01m[K/home/aims/catkin_ws/src/Onboard-SDK-ROS-3.8.1/dji_sdk/src/camera_pub_and_apriltag.cpp:293:4:[m[K [01;36m[Knote: [m[Ksuggested alternative: â€˜[01m[Ktag36h11_destroy[m[Kâ€™
    [01;36m[KtagStandard41h12_destroy[m[K(tf);
    [01;36m[K^~~~~~~~~~~~~~~~~~~~~~~~[m[K
    [32m[Ktag36h11_destroy[m[K
[01m[K/home/aims/catkin_ws/src/Onboard-SDK-ROS-3.8.1/dji_sdk/src/camera_pub_and_apriltag.cpp:295:4:[m[K [01;31m[Kerror: [m[Kâ€˜[01m[KtagStandard52h13_destroy[m[Kâ€™ was not declared in this scope
    [01;31m[KtagStandard52h13_destroy[m[K(tf);
    [01;31m[K^~~~~~~~~~~~~~~~~~~~~~~~[m[K
[01m[K/home/aims/catkin_ws/src/Onboard-SDK-ROS-3.8.1/dji_sdk/src/camera_pub_and_apriltag.cpp:295:4:[m[K [01;36m[Knote: [m[Ksuggested alternative: â€˜[01m[Ktag36h11_destroy[m[Kâ€™
    [01;36m[KtagStandard52h13_destroy[m[K(tf);
    [01;36m[K^~~~~~~~~~~~~~~~~~~~~~~~[m[K
    [32m[Ktag36h11_destroy[m[K
[01m[K/home/aims/catkin_ws/src/Onboard-SDK-ROS-3.8.1/dji_sdk/src/camera_pub_and_apriltag.cpp:297:4:[m[K [01;31m[Kerror: [m[Kâ€˜[01m[KtagCustom48h12_destroy[m[Kâ€™ was not declared in this scope
    [01;31m[KtagCustom48h12_destroy[m[K(tf);
    [01;31m[K^~~~~~~~~~~~~~~~~~~~~~[m[K
[01m[K/home/aims/catkin_ws/src/Onboard-SDK-ROS-3.8.1/dji_sdk/src/camera_pub_and_apriltag.cpp:297:4:[m[K [01;36m[Knote: [m[Ksuggested alternative: â€˜[01m[Ktag36h11_destroy[m[Kâ€™
    [01;36m[KtagCustom48h12_destroy[m[K(tf);
    [01;36m[K^~~~~~~~~~~~~~~~~~~~~~[m[K
    [32m[Ktag36h11_destroy[m[K
make[2]: *** [CMakeFiles/camera_pub_and_apriltag.dir/src/camera_pub_and_apriltag.cpp.o] Error 1
make[1]: *** [CMakeFiles/camera_pub_and_apriltag.dir/all] Error 2
make: *** [all] Error 2
