[01m[K/home/aims/catkin_ws/src/Onboard-SDK-ROS-3.8.1/dji_sdk/src/talker_ros_16.cpp:[m[K In function â€˜[01m[Kint main(int, char**)[m[Kâ€™:
[01m[K/home/aims/catkin_ws/src/Onboard-SDK-ROS-3.8.1/dji_sdk/src/talker_ros_16.cpp:130:71:[m[K [01;31m[Kerror: [m[Kâ€˜[01m[Kcb_gps_velocity[m[Kâ€™ was not declared in this scope
   ros::Subscriber sub_gps_vel = n.subscribe("dji_sdk/velocity", 1000, [01;31m[Kcb_gps_velocity[m[K);
                                                                       [01;31m[K^~~~~~~~~~~~~~~[m[K
[01m[K/home/aims/catkin_ws/src/Onboard-SDK-ROS-3.8.1/dji_sdk/src/talker_ros_16.cpp:130:71:[m[K [01;36m[Knote: [m[Ksuggested alternative: â€˜[01m[Kcb_gps_health[m[Kâ€™
   ros::Subscriber sub_gps_vel = n.subscribe("dji_sdk/velocity", 1000, [01;36m[Kcb_gps_velocity[m[K);
                                                                       [01;36m[K^~~~~~~~~~~~~~~[m[K
                                                                       [32m[Kcb_gps_health[m[K
make[2]: *** [CMakeFiles/talker_ros_16.dir/src/talker_ros_16.cpp.o] Error 1
make[1]: *** [CMakeFiles/talker_ros_16.dir/all] Error 2
make: *** [all] Error 2
