[  0%] Built target std_msgs_generate_messages_py
[  0%] Built target nav_msgs_generate_messages_py
[  0%] Built target geometry_msgs_generate_messages_py
[  0%] Built target sensor_msgs_generate_messages_py
[  0%] Built target _dji_sdk_generate_messages_check_deps_MFIOSetValue
[  0%] Built target _dji_sdk_generate_messages_check_deps_SetupCameraStream
[  0%] Built target _dji_sdk_generate_messages_check_deps_MissionHpUpdateYawRate
[  0%] Built target _dji_sdk_generate_messages_check_deps_SetHardSync
[  0%] Built target _dji_sdk_generate_messages_check_deps_SDKControlAuthority
[  0%] Built target _dji_sdk_generate_messages_check_deps_QueryDroneVersion
[  0%] Built target _dji_sdk_generate_messages_check_deps_DroneArmControl
[  0%] Built target _dji_sdk_generate_messages_check_deps_SendMobileData
[  0%] Built target _dji_sdk_generate_messages_check_deps_MissionWpGetInfo
[  0%] Built target _dji_sdk_generate_messages_check_deps_MissionHpUpload
[  0%] Built target _dji_sdk_generate_messages_check_deps_MobileData
[  0%] Built target _dji_sdk_generate_messages_check_deps_MissionStatus
[  0%] Built target _dji_sdk_generate_messages_check_deps_MissionHpGetInfo
[  0%] Built target _dji_sdk_generate_messages_check_deps_Stereo240pSubscription
[  0%] Built target _dji_sdk_generate_messages_check_deps_FCTimeInUTC
[  0%] Built target _dji_sdk_generate_messages_check_deps_MissionHpAction
[  0%] Built target _dji_sdk_generate_messages_check_deps_MissionWpAction
[  0%] Built target _dji_sdk_generate_messages_check_deps_Waypoint
[  0%] Built target _dji_sdk_generate_messages_check_deps_StereoVGASubscription
[  0%] Built target _dji_sdk_generate_messages_check_deps_MissionWaypointTask
[  0%] Built target _dji_sdk_generate_messages_check_deps_MissionHpResetYaw
[  0%] Built target _dji_sdk_generate_messages_check_deps_VOPosition
[  0%] Built target _dji_sdk_generate_messages_check_deps_SendPayloadData
[  0%] Built target _dji_sdk_generate_messages_check_deps_MissionWaypointAction
[  0%] Built target _dji_sdk_generate_messages_check_deps_PayloadData
[  0%] Built target _dji_sdk_generate_messages_check_deps_SetLocalPosRef
[  0%] Built target _dji_sdk_generate_messages_check_deps_Activation
[  0%] Built target _dji_sdk_generate_messages_check_deps_CameraAction
[  0%] Built target _dji_sdk_generate_messages_check_deps_FlightAnomaly
[  0%] Built target _dji_sdk_generate_messages_check_deps_GPSUTC
[  0%] Built target _dji_sdk_generate_messages_check_deps_MissionWpSetSpeed
[  0%] Built target _dji_sdk_generate_messages_check_deps_DroneTaskControl
[  0%] Built target _dji_sdk_generate_messages_check_deps_MissionHotpointTask
[  0%] Built target _dji_sdk_generate_messages_check_deps_WaypointList
[  0%] Built target _dji_sdk_generate_messages_check_deps_MissionHpUpdateRadius
[  0%] Built target _dji_sdk_generate_messages_check_deps_Gimbal
[  0%] Built target _dji_sdk_generate_messages_check_deps_MissionWpGetSpeed
[  0%] Built target _dji_sdk_generate_messages_check_deps_MFIOConfig
[  0%] Built target geometry_msgs_generate_messages_cpp
[  0%] Built target _dji_sdk_generate_messages_check_deps_StereoDepthSubscription
[  0%] Built target std_msgs_generate_messages_cpp
[  0%] Built target nav_msgs_generate_messages_cpp
[  0%] Built target sensor_msgs_generate_messages_cpp
[  0%] Built target geometry_msgs_generate_messages_eus
[  0%] Built target std_msgs_generate_messages_eus
[  0%] Built target _dji_sdk_generate_messages_check_deps_MissionWaypoint
[  0%] Built target _dji_sdk_generate_messages_check_deps_MissionWpUpload
[  0%] Built target nav_msgs_generate_messages_eus
[  0%] Built target sensor_msgs_generate_messages_eus
[  0%] Built target geometry_msgs_generate_messages_lisp
[  0%] Built target std_msgs_generate_messages_lisp
[  0%] Built target nav_msgs_generate_messages_lisp
[  0%] Built target sensor_msgs_generate_messages_lisp
[  0%] Built target geometry_msgs_generate_messages_nodejs
[  0%] Built target std_msgs_generate_messages_nodejs
[  0%] Built target sensor_msgs_generate_messages_nodejs
[  0%] Built target nav_msgs_generate_messages_nodejs
[ 33%] Built target dji_sdk_generate_messages_eus
[ 33%] Built target dji_sdk_generate_messages_py
[ 49%] Built target dji_sdk_generate_messages_lisp
[ 65%] Built target dji_sdk_generate_messages_cpp
[ 82%] Built target dji_sdk_generate_messages_nodejs
[35m[1mConsolidate compiler generated dependencies of target talker_ros_19[0m
[ 82%] Built target talker_ros_17
[ 83%] Built target talker_ros_18
[ 84%] Built target talker_sim_1
[ 84%] Built target talker_sim_2
[ 85%] Built target talker_ros_19
[35m[1mConsolidate compiler generated dependencies of target get_tf[0m
[ 86%] Built target talker_sim_3
[ 86%] Built target platform_simulator
[ 87%] Built target talker_sim_4
[ 91%] Built target dji_sdk_node
[ 92%] Built target test_code
[ 93%] [32mBuilding CXX object CMakeFiles/get_tf.dir/src/get_tf.cpp.o[0m
[ 93%] Built target camera_to_tf
[ 94%] Built target camera_pub
[ 94%] Built target camera_pub_no_imshow
[ 95%] Built target camera_pub_and_apriltag
[ 96%] Built target chk_gimbal
[ 97%] Built target save_log
[ 97%] Built target dji_sdk_generate_messages
[ 98%] Built target save_log_100
[ 98%] Built target calculate_vel
[100%] Built target save_log_sim
[01m[K/home/aims/catkin_ws/src/Onboard-SDK-ROS-3.8.1/dji_sdk/src/get_tf.cpp:[m[K In function ‚Äò[01m[Kint main(int, char**)[m[K‚Äô:
[01m[K/home/aims/catkin_ws/src/Onboard-SDK-ROS-3.8.1/dji_sdk/src/get_tf.cpp:190:3:[m[K [01;31m[Kerror: [m[K‚Äò[01m[Kgimbal_control[m[K‚Äô was not declared in this scope
   [01;31m[Kgimbal_control[m[K.publish(gim); // ÏßêÎ≤å Ï¥àÍ∏∞Ìôî
   [01;31m[K^~~~~~~~~~~~~~[m[K
[01m[K/home/aims/catkin_ws/src/Onboard-SDK-ROS-3.8.1/dji_sdk/src/get_tf.cpp:190:3:[m[K [01;36m[Knote: [m[Ksuggested alternative: ‚Äò[01m[Kgimbal_down[m[K‚Äô
   [01;36m[Kgimbal_control[m[K.publish(gim); // ÏßêÎ≤å Ï¥àÍ∏∞Ìôî
   [01;36m[K^~~~~~~~~~~~~~[m[K
   [32m[Kgimbal_down[m[K
[01m[K/home/aims/catkin_ws/src/Onboard-SDK-ROS-3.8.1/dji_sdk/src/get_tf.cpp:193:5:[m[K [01;31m[Kerror: [m[K‚Äò[01m[Kdistance_data[m[K‚Äô was not declared in this scope
     [01;31m[Kdistance_data[m[K.data.push_back(0.0);
     [01;31m[K^~~~~~~~~~~~~[m[K
[01m[K/home/aims/catkin_ws/src/Onboard-SDK-ROS-3.8.1/dji_sdk/src/get_tf.cpp:193:5:[m[K [01;36m[Knote: [m[Ksuggested alternative: ‚Äò[01m[Kdrand48_data[m[K‚Äô
     [01;36m[Kdistance_data[m[K.data.push_back(0.0);
     [01;36m[K^~~~~~~~~~~~~[m[K
     [32m[Kdrand48_data[m[K
[01m[K/home/aims/catkin_ws/src/Onboard-SDK-ROS-3.8.1/dji_sdk/src/get_tf.cpp:[m[K In lambda function:
[01m[K/home/aims/catkin_ws/src/Onboard-SDK-ROS-3.8.1/dji_sdk/src/get_tf.cpp:260:5:[m[K [01;31m[Kerror: [m[K‚Äò[01m[Ktime_prev[m[K‚Äô was not declared in this scope
     [01;31m[Ktime_prev[m[K = ros::Time::now().toSec() - 2; // ÏãúÏûëÌï† Îïå ÏÜçÎèÑ ÎÜíÍ≤åÎÇòÏò§ÎäîÍ±∞ Î∞©ÏßÄÌïòÍ∏∞ ÏúÑÌï®.
     [01;31m[K^~~~~~~~~[m[K
[01m[K/home/aims/catkin_ws/src/Onboard-SDK-ROS-3.8.1/dji_sdk/src/get_tf.cpp:260:5:[m[K [01;36m[Knote: [m[Ksuggested alternative: ‚Äò[01m[Ktimespec[m[K‚Äô
     [01;36m[Ktime_prev[m[K = ros::Time::now().toSec() - 2; // ÏãúÏûëÌï† Îïå ÏÜçÎèÑ ÎÜíÍ≤åÎÇòÏò§ÎäîÍ±∞ Î∞©ÏßÄÌïòÍ∏∞ ÏúÑÌï®.
     [01;36m[K^~~~~~~~~[m[K
     [32m[Ktimespec[m[K
[01m[K/home/aims/catkin_ws/src/Onboard-SDK-ROS-3.8.1/dji_sdk/src/get_tf.cpp:267:57:[m[K [01;31m[Kerror: [m[K‚Äò[01m[Ktime_limit[m[K‚Äô was not declared in this scope
       if(ros::Time::now() - time_no_tag > ros::Duration([01;31m[Ktime_limit[m[K)){
                                                         [01;31m[K^~~~~~~~~~[m[K
[01m[K/home/aims/catkin_ws/src/Onboard-SDK-ROS-3.8.1/dji_sdk/src/get_tf.cpp:267:57:[m[K [01;36m[Knote: [m[Ksuggested alternative: ‚Äò[01m[Ktime_t[m[K‚Äô
       if(ros::Time::now() - time_no_tag > ros::Duration([01;36m[Ktime_limit[m[K)){
                                                         [01;36m[K^~~~~~~~~~[m[K
                                                         [32m[Ktime_t[m[K
[01m[K/home/aims/catkin_ws/src/Onboard-SDK-ROS-3.8.1/dji_sdk/src/get_tf.cpp:268:9:[m[K [01;31m[Kerror: [m[K‚Äò[01m[Kmove_front[m[K‚Äô was not declared in this scope
         [01;31m[Kmove_front[m[K = 0;
         [01;31m[K^~~~~~~~~~[m[K
[01m[K/home/aims/catkin_ws/src/Onboard-SDK-ROS-3.8.1/dji_sdk/src/get_tf.cpp:268:9:[m[K [01;36m[Knote: [m[Ksuggested alternative: ‚Äò[01m[Kmemfrob[m[K‚Äô
         [01;36m[Kmove_front[m[K = 0;
         [01;36m[K^~~~~~~~~~[m[K
         [32m[Kmemfrob[m[K
[01m[K/home/aims/catkin_ws/src/Onboard-SDK-ROS-3.8.1/dji_sdk/src/get_tf.cpp:269:9:[m[K [01;31m[Kerror: [m[K‚Äò[01m[Kmove_right[m[K‚Äô was not declared in this scope
         [01;31m[Kmove_right[m[K = 0; // ÏïàÌï¥ÎèÑ ÎêòÎäîÎç∞, Î°úÍ∑∏ Ï†ÄÏû•Ìï† Îïå ÏûàÏúºÎ©¥ Ï¢ãÏùÑ ÎìØ.
         [01;31m[K^~~~~~~~~~[m[K
[01m[K/home/aims/catkin_ws/src/Onboard-SDK-ROS-3.8.1/dji_sdk/src/get_tf.cpp:269:9:[m[K [01;36m[Knote: [m[Ksuggested alternative: ‚Äò[01m[Kmode_t[m[K‚Äô
         [01;36m[Kmove_right[m[K = 0; // ÏïàÌï¥ÎèÑ ÎêòÎäîÎç∞, Î°úÍ∑∏ Ï†ÄÏû•Ìï† Îïå ÏûàÏúºÎ©¥ Ï¢ãÏùÑ ÎìØ.
         [01;36m[K^~~~~~~~~~[m[K
         [32m[Kmode_t[m[K
[01m[K/home/aims/catkin_ws/src/Onboard-SDK-ROS-3.8.1/dji_sdk/src/get_tf.cpp:270:9:[m[K [01;31m[Kerror: [m[K‚Äò[01m[Kis_drone_move[m[K‚Äô was not declared in this scope
         [01;31m[Kis_drone_move[m[K = false;
         [01;31m[K^~~~~~~~~~~~~[m[K
[01m[K/home/aims/catkin_ws/src/Onboard-SDK-ROS-3.8.1/dji_sdk/src/get_tf.cpp:283:9:[m[K [01;31m[Kerror: [m[K‚Äò[01m[Kdt[m[K‚Äô was not declared in this scope
         [01;31m[Kdt[m[K = ros::Time::now().toSec() - time_prev;
         [01;31m[K^~[m[K
[01m[K/home/aims/catkin_ws/src/Onboard-SDK-ROS-3.8.1/dji_sdk/src/get_tf.cpp:298:9:[m[K [01;31m[Kerror: [m[K‚Äò[01m[Kmove_right[m[K‚Äô was not declared in this scope
         [01;31m[Kmove_right[m[K = kp * d_x + kd * v_x;
         [01;31m[K^~~~~~~~~~[m[K
[01m[K/home/aims/catkin_ws/src/Onboard-SDK-ROS-3.8.1/dji_sdk/src/get_tf.cpp:298:9:[m[K [01;36m[Knote: [m[Ksuggested alternative: ‚Äò[01m[Kmode_t[m[K‚Äô
         [01;36m[Kmove_right[m[K = kp * d_x + kd * v_x;
         [01;36m[K^~~~~~~~~~[m[K
         [32m[Kmode_t[m[K
[01m[K/home/aims/catkin_ws/src/Onboard-SDK-ROS-3.8.1/dji_sdk/src/get_tf.cpp:298:22:[m[K [01;31m[Kerror: [m[K‚Äò[01m[Kkp[m[K‚Äô was not declared in this scope
         move_right = [01;31m[Kkp[m[K * d_x + kd * v_x;
                      [01;31m[K^~[m[K
[01m[K/home/aims/catkin_ws/src/Onboard-SDK-ROS-3.8.1/dji_sdk/src/get_tf.cpp:298:33:[m[K [01;31m[Kerror: [m[K‚Äò[01m[Kkd[m[K‚Äô was not declared in this scope
         move_right = kp * d_x + [01;31m[Kkd[m[K * v_x;
                                 [01;31m[K^~[m[K
[01m[K/home/aims/catkin_ws/src/Onboard-SDK-ROS-3.8.1/dji_sdk/src/get_tf.cpp:299:9:[m[K [01;31m[Kerror: [m[K‚Äò[01m[Kmove_front[m[K‚Äô was not declared in this scope
         [01;31m[Kmove_front[m[K = kp * d_y + kd * v_y;
         [01;31m[K^~~~~~~~~~[m[K
[01m[K/home/aims/catkin_ws/src/Onboard-SDK-ROS-3.8.1/dji_sdk/src/get_tf.cpp:299:9:[m[K [01;36m[Knote: [m[Ksuggested alternative: ‚Äò[01m[Kmemfrob[m[K‚Äô
         [01;36m[Kmove_front[m[K = kp * d_y + kd * v_y;
         [01;36m[K^~~~~~~~~~[m[K
         [32m[Kmemfrob[m[K
[01m[K/home/aims/catkin_ws/src/Onboard-SDK-ROS-3.8.1/dji_sdk/src/get_tf.cpp:301:9:[m[K [01;31m[Kerror: [m[K‚Äò[01m[Kdistance_data[m[K‚Äô was not declared in this scope
         [01;31m[Kdistance_data[m[K.data[0] = d_x;
         [01;31m[K^~~~~~~~~~~~~[m[K
[01m[K/home/aims/catkin_ws/src/Onboard-SDK-ROS-3.8.1/dji_sdk/src/get_tf.cpp:301:9:[m[K [01;36m[Knote: [m[Ksuggested alternative: ‚Äò[01m[Kdrand48_data[m[K‚Äô
         [01;36m[Kdistance_data[m[K.data[0] = d_x;
         [01;36m[K^~~~~~~~~~~~~[m[K
         [32m[Kdrand48_data[m[K
[01m[K/home/aims/catkin_ws/src/Onboard-SDK-ROS-3.8.1/dji_sdk/src/get_tf.cpp:330:31:[m[K [01;31m[Kerror: [m[K‚Äò[01m[Kkal_r_vel[m[K‚Äô was not declared in this scope
         float kal_r_vel_tmp = [01;31m[Kkal_r_vel[m[K * spd_constant;
                               [01;31m[K^~~~~~~~~[m[K
[01m[K/home/aims/catkin_ws/src/Onboard-SDK-ROS-3.8.1/dji_sdk/src/get_tf.cpp:330:31:[m[K [01;36m[Knote: [m[Ksuggested alternative: ‚Äò[01m[Kkal_r_vel_tmp[m[K‚Äô
         float kal_r_vel_tmp = [01;36m[Kkal_r_vel[m[K * spd_constant;
                               [01;36m[K^~~~~~~~~[m[K
                               [32m[Kkal_r_vel_tmp[m[K
[01m[K/home/aims/catkin_ws/src/Onboard-SDK-ROS-3.8.1/dji_sdk/src/get_tf.cpp:331:31:[m[K [01;31m[Kerror: [m[K‚Äò[01m[Kkal_f_vel[m[K‚Äô was not declared in this scope
         float kal_f_vel_tmp = [01;31m[Kkal_f_vel[m[K * spd_constant;
                               [01;31m[K^~~~~~~~~[m[K
[01m[K/home/aims/catkin_ws/src/Onboard-SDK-ROS-3.8.1/dji_sdk/src/get_tf.cpp:331:31:[m[K [01;36m[Knote: [m[Ksuggested alternative: ‚Äò[01m[Kkal_f_vel_tmp[m[K‚Äô
         float kal_f_vel_tmp = [01;36m[Kkal_f_vel[m[K * spd_constant;
                               [01;36m[K^~~~~~~~~[m[K
                               [32m[Kkal_f_vel_tmp[m[K
[01m[K/home/aims/catkin_ws/src/Onboard-SDK-ROS-3.8.1/dji_sdk/src/get_tf.cpp:349:9:[m[K [01;31m[Kerror: [m[K‚Äò[01m[Kspd_f[m[K‚Äô was not declared in this scope
         [01;31m[Kspd_f[m[K = move_front;
         [01;31m[K^~~~~[m[K
[01m[K/home/aims/catkin_ws/src/Onboard-SDK-ROS-3.8.1/dji_sdk/src/get_tf.cpp:349:9:[m[K [01;36m[Knote: [m[Ksuggested alternative: ‚Äò[01m[Ksub_tf[m[K‚Äô
         [01;36m[Kspd_f[m[K = move_front;
         [01;36m[K^~~~~[m[K
         [32m[Ksub_tf[m[K
[01m[K/home/aims/catkin_ws/src/Onboard-SDK-ROS-3.8.1/dji_sdk/src/get_tf.cpp:350:9:[m[K [01;31m[Kerror: [m[K‚Äò[01m[Kspd_r[m[K‚Äô was not declared in this scope
         [01;31m[Kspd_r[m[K = move_right;
         [01;31m[K^~~~~[m[K
[01m[K/home/aims/catkin_ws/src/Onboard-SDK-ROS-3.8.1/dji_sdk/src/get_tf.cpp:350:9:[m[K [01;36m[Knote: [m[Ksuggested alternative: ‚Äò[01m[Kspeed_t[m[K‚Äô
         [01;36m[Kspd_r[m[K = move_right;
         [01;36m[K^~~~~[m[K
         [32m[Kspeed_t[m[K
[01m[K/home/aims/catkin_ws/src/Onboard-SDK-ROS-3.8.1/dji_sdk/src/get_tf.cpp:351:9:[m[K [01;31m[Kerror: [m[K‚Äò[01m[Kspd_u[m[K‚Äô was not declared in this scope
         [01;31m[Kspd_u[m[K = move_up;
         [01;31m[K^~~~~[m[K
[01m[K/home/aims/catkin_ws/src/Onboard-SDK-ROS-3.8.1/dji_sdk/src/get_tf.cpp:351:9:[m[K [01;36m[Knote: [m[Ksuggested alternative: ‚Äò[01m[Kspeed_t[m[K‚Äô
         [01;36m[Kspd_u[m[K = move_up;
         [01;36m[K^~~~~[m[K
         [32m[Kspeed_t[m[K
[01m[K/home/aims/catkin_ws/src/Onboard-SDK-ROS-3.8.1/dji_sdk/src/get_tf.cpp:352:9:[m[K [01;31m[Kerror: [m[K‚Äò[01m[Kspd_y[m[K‚Äô was not declared in this scope
         [01;31m[Kspd_y[m[K = 0;
         [01;31m[K^~~~~[m[K
[01m[K/home/aims/catkin_ws/src/Onboard-SDK-ROS-3.8.1/dji_sdk/src/get_tf.cpp:352:9:[m[K [01;36m[Knote: [m[Ksuggested alternative: ‚Äò[01m[Kd_y[m[K‚Äô
         [01;36m[Kspd_y[m[K = 0;
         [01;36m[K^~~~~[m[K
         [32m[Kd_y[m[K
[01m[K/home/aims/catkin_ws/src/Onboard-SDK-ROS-3.8.1/dji_sdk/src/get_tf.cpp:353:9:[m[K [01;31m[Kerror: [m[K‚Äò[01m[Kis_drone_move[m[K‚Äô was not declared in this scope
         [01;31m[Kis_drone_move[m[K = true;
         [01;31m[K^~~~~~~~~~~~~[m[K
[01m[K/home/aims/catkin_ws/src/Onboard-SDK-ROS-3.8.1/dji_sdk/src/get_tf.cpp:359:33:[m[K [01;31m[Kerror: [m[K‚Äò[01m[Kkp_control[m[K‚Äô was not declared in this scope
         distance_data.data[9] = [01;31m[Kkp_control[m[K;
                                 [01;31m[K^~~~~~~~~~[m[K
[01m[K/home/aims/catkin_ws/src/Onboard-SDK-ROS-3.8.1/dji_sdk/src/get_tf.cpp:359:33:[m[K [01;36m[Knote: [m[Ksuggested alternative: ‚Äò[01m[K_IScntrl[m[K‚Äô
         distance_data.data[9] = [01;36m[Kkp_control[m[K;
                                 [01;36m[K^~~~~~~~~~[m[K
                                 [32m[K_IScntrl[m[K
[01m[K/home/aims/catkin_ws/src/Onboard-SDK-ROS-3.8.1/dji_sdk/src/get_tf.cpp:360:34:[m[K [01;31m[Kerror: [m[K‚Äò[01m[Kkd_control[m[K‚Äô was not declared in this scope
         distance_data.data[10] = [01;31m[Kkd_control[m[K;
                                  [01;31m[K^~~~~~~~~~[m[K
[01m[K/home/aims/catkin_ws/src/Onboard-SDK-ROS-3.8.1/dji_sdk/src/get_tf.cpp:360:34:[m[K [01;36m[Knote: [m[Ksuggested alternative: ‚Äò[01m[K_IScntrl[m[K‚Äô
         distance_data.data[10] = [01;36m[Kkd_control[m[K;
                                  [01;36m[K^~~~~~~~~~[m[K
                                  [32m[K_IScntrl[m[K
[01m[K/home/aims/catkin_ws/src/Onboard-SDK-ROS-3.8.1/dji_sdk/src/get_tf.cpp:365:9:[m[K [01;31m[Kerror: [m[K‚Äò[01m[Kdistance_pub[m[K‚Äô was not declared in this scope
         [01;31m[Kdistance_pub[m[K.publish(distance_data);
         [01;31m[K^~~~~~~~~~~~[m[K
[01m[K/home/aims/catkin_ws/src/Onboard-SDK-ROS-3.8.1/dji_sdk/src/get_tf.cpp:377:10:[m[K [01;31m[Kerror: [m[K‚Äò[01m[Kis_drone_move[m[K‚Äô was not declared in this scope
       if([01;31m[Kis_drone_move[m[K){
          [01;31m[K^~~~~~~~~~~~~[m[K
[01m[K/home/aims/catkin_ws/src/Onboard-SDK-ROS-3.8.1/dji_sdk/src/get_tf.cpp:378:9:[m[K [01;31m[Kerror: [m[K‚Äò[01m[Kkp_control[m[K‚Äô was not declared in this scope
         [01;31m[Kkp_control[m[K = 0.5;
         [01;31m[K^~~~~~~~~~[m[K
[01m[K/home/aims/catkin_ws/src/Onboard-SDK-ROS-3.8.1/dji_sdk/src/get_tf.cpp:378:9:[m[K [01;36m[Knote: [m[Ksuggested alternative: ‚Äò[01m[K_IScntrl[m[K‚Äô
         [01;36m[Kkp_control[m[K = 0.5;
         [01;36m[K^~~~~~~~~~[m[K
         [32m[K_IScntrl[m[K
[01m[K/home/aims/catkin_ws/src/Onboard-SDK-ROS-3.8.1/dji_sdk/src/get_tf.cpp:379:9:[m[K [01;31m[Kerror: [m[K‚Äò[01m[Kkd_control[m[K‚Äô was not declared in this scope
         [01;31m[Kkd_control[m[K = 0;
         [01;31m[K^~~~~~~~~~[m[K
[01m[K/home/aims/catkin_ws/src/Onboard-SDK-ROS-3.8.1/dji_sdk/src/get_tf.cpp:379:9:[m[K [01;36m[Knote: [m[Ksuggested alternative: ‚Äò[01m[K_IScntrl[m[K‚Äô
         [01;36m[Kkd_control[m[K = 0;
         [01;36m[K^~~~~~~~~~[m[K
         [32m[K_IScntrl[m[K
[01m[K/home/aims/catkin_ws/src/Onboard-SDK-ROS-3.8.1/dji_sdk/src/get_tf.cpp:380:12:[m[K [01;31m[Kerror: [m[K‚Äò[01m[Kdt[m[K‚Äô was not declared in this scope
         if([01;31m[Kdt[m[K < 0.5){
            [01;31m[K^~[m[K
[01m[K/home/aims/catkin_ws/src/Onboard-SDK-ROS-3.8.1/dji_sdk/src/get_tf.cpp:384:29:[m[K [01;31m[Kerror: [m[K‚Äò[01m[Kimu_ori_w[m[K‚Äô was not declared in this scope
         float yaw = get_yaw([01;31m[Kimu_ori_w[m[K, imu_ori_x, imu_ori_y, imu_ori_z);
                             [01;31m[K^~~~~~~~~[m[K
[01m[K/home/aims/catkin_ws/src/Onboard-SDK-ROS-3.8.1/dji_sdk/src/get_tf.cpp:384:40:[m[K [01;31m[Kerror: [m[K‚Äò[01m[Kimu_ori_x[m[K‚Äô was not declared in this scope
         float yaw = get_yaw(imu_ori_w, [01;31m[Kimu_ori_x[m[K, imu_ori_y, imu_ori_z);
                                        [01;31m[K^~~~~~~~~[m[K
[01m[K/home/aims/catkin_ws/src/Onboard-SDK-ROS-3.8.1/dji_sdk/src/get_tf.cpp:384:51:[m[K [01;31m[Kerror: [m[K‚Äò[01m[Kimu_ori_y[m[K‚Äô was not declared in this scope
         float yaw = get_yaw(imu_ori_w, imu_ori_x, [01;31m[Kimu_ori_y[m[K, imu_ori_z);
                                                   [01;31m[K^~~~~~~~~[m[K
[01m[K/home/aims/catkin_ws/src/Onboard-SDK-ROS-3.8.1/dji_sdk/src/get_tf.cpp:384:62:[m[K [01;31m[Kerror: [m[K‚Äò[01m[Kimu_ori_z[m[K‚Äô was not declared in this scope
         float yaw = get_yaw(imu_ori_w, imu_ori_x, imu_ori_y, [01;31m[Kimu_ori_z[m[K);
                                                              [01;31m[K^~~~~~~~~[m[K
[01m[K/home/aims/catkin_ws/src/Onboard-SDK-ROS-3.8.1/dji_sdk/src/get_tf.cpp:384:21:[m[K [01;31m[Kerror: [m[K‚Äò[01m[Kget_yaw[m[K‚Äô was not declared in this scope
         float yaw = [01;31m[Kget_yaw[m[K(imu_ori_w, imu_ori_x, imu_ori_y, imu_ori_z);
                     [01;31m[K^~~~~~~[m[K
[01m[K/home/aims/catkin_ws/src/Onboard-SDK-ROS-3.8.1/dji_sdk/src/get_tf.cpp:384:21:[m[K [01;36m[Knote: [m[Ksuggested alternative: ‚Äò[01m[Kget_tag[m[K‚Äô
         float yaw = [01;36m[Kget_yaw[m[K(imu_ori_w, imu_ori_x, imu_ori_y, imu_ori_z);
                     [01;36m[K^~~~~~~[m[K
                     [32m[Kget_tag[m[K
[01m[K/home/aims/catkin_ws/src/Onboard-SDK-ROS-3.8.1/dji_sdk/src/get_tf.cpp:385:53:[m[K [01;31m[Kerror: [m[K‚Äò[01m[Kdrone_vel_e[m[K‚Äô was not declared in this scope
         float drone_vel_f, drone_vel_r = enu_to_fru([01;31m[Kdrone_vel_e[m[K, drone_vel_n, yaw);
                                                     [01;31m[K^~~~~~~~~~~[m[K
[01m[K/home/aims/catkin_ws/src/Onboard-SDK-ROS-3.8.1/dji_sdk/src/get_tf.cpp:385:53:[m[K [01;36m[Knote: [m[Ksuggested alternative: ‚Äò[01m[Kdrone_vel_r[m[K‚Äô
         float drone_vel_f, drone_vel_r = enu_to_fru([01;36m[Kdrone_vel_e[m[K, drone_vel_n, yaw);
                                                     [01;36m[K^~~~~~~~~~~[m[K
                                                     [32m[Kdrone_vel_r[m[K
[01m[K/home/aims/catkin_ws/src/Onboard-SDK-ROS-3.8.1/dji_sdk/src/get_tf.cpp:385:66:[m[K [01;31m[Kerror: [m[K‚Äò[01m[Kdrone_vel_n[m[K‚Äô was not declared in this scope
         float drone_vel_f, drone_vel_r = enu_to_fru(drone_vel_e, [01;31m[Kdrone_vel_n[m[K, yaw);
                                                                  [01;31m[K^~~~~~~~~~~[m[K
[01m[K/home/aims/catkin_ws/src/Onboard-SDK-ROS-3.8.1/dji_sdk/src/get_tf.cpp:385:66:[m[K [01;36m[Knote: [m[Ksuggested alternative: ‚Äò[01m[Kdrone_vel_r[m[K‚Äô
         float drone_vel_f, drone_vel_r = enu_to_fru(drone_vel_e, [01;36m[Kdrone_vel_n[m[K, yaw);
                                                                  [01;36m[K^~~~~~~~~~~[m[K
                                                                  [32m[Kdrone_vel_r[m[K
[01m[K/home/aims/catkin_ws/src/Onboard-SDK-ROS-3.8.1/dji_sdk/src/get_tf.cpp:385:42:[m[K [01;31m[Kerror: [m[K‚Äò[01m[Kenu_to_fru[m[K‚Äô was not declared in this scope
         float drone_vel_f, drone_vel_r = [01;31m[Kenu_to_fru[m[K(drone_vel_e, drone_vel_n, yaw);
                                          [01;31m[K^~~~~~~~~~[m[K
[01m[K/home/aims/catkin_ws/src/Onboard-SDK-ROS-3.8.1/dji_sdk/src/get_tf.cpp:388:32:[m[K [01;31m[Kerror: [m[K‚Äò[01m[Kspd_f[m[K‚Äô was not declared in this scope
         float proportional_f = [01;31m[Kspd_f[m[K - drone_vel_f;
                                [01;31m[K^~~~~[m[K
[01m[K/home/aims/catkin_ws/src/Onboard-SDK-ROS-3.8.1/dji_sdk/src/get_tf.cpp:388:32:[m[K [01;36m[Knote: [m[Ksuggested alternative: ‚Äò[01m[Ksub_tf[m[K‚Äô
         float proportional_f = [01;36m[Kspd_f[m[K - drone_vel_f;
                                [01;36m[K^~~~~[m[K
                                [32m[Ksub_tf[m[K
[01m[K/home/aims/catkin_ws/src/Onboard-SDK-ROS-3.8.1/dji_sdk/src/get_tf.cpp:389:32:[m[K [01;31m[Kerror: [m[K‚Äò[01m[Kspd_r[m[K‚Äô was not declared in this scope
         float proportional_r = [01;31m[Kspd_r[m[K - drone_vel_r;
                                [01;31m[K^~~~~[m[K
[01m[K/home/aims/catkin_ws/src/Onboard-SDK-ROS-3.8.1/dji_sdk/src/get_tf.cpp:389:32:[m[K [01;36m[Knote: [m[Ksuggested alternative: ‚Äò[01m[Kspeed_t[m[K‚Äô
         float proportional_r = [01;36m[Kspd_r[m[K - drone_vel_r;
                                [01;36m[K^~~~~[m[K
                                [32m[Kspeed_t[m[K
[01m[K/home/aims/catkin_ws/src/Onboard-SDK-ROS-3.8.1/dji_sdk/src/get_tf.cpp:391:49:[m[K [01;31m[Kerror: [m[K‚Äò[01m[Kspd_f_prev[m[K‚Äô was not declared in this scope
         float derivative_f = (proportional_f - ([01;31m[Kspd_f_prev[m[K - drone_vel_f_prev)) / dt;
                                                 [01;31m[K^~~~~~~~~~[m[K
[01m[K/home/aims/catkin_ws/src/Onboard-SDK-ROS-3.8.1/dji_sdk/src/get_tf.cpp:391:49:[m[K [01;36m[Knote: [m[Ksuggested alternative: ‚Äò[01m[Kd_y_prev[m[K‚Äô
         float derivative_f = (proportional_f - ([01;36m[Kspd_f_prev[m[K - drone_vel_f_prev)) / dt;
                                                 [01;36m[K^~~~~~~~~~[m[K
                                                 [32m[Kd_y_prev[m[K
[01m[K/home/aims/catkin_ws/src/Onboard-SDK-ROS-3.8.1/dji_sdk/src/get_tf.cpp:391:62:[m[K [01;31m[Kerror: [m[K‚Äò[01m[Kdrone_vel_f_prev[m[K‚Äô was not declared in this scope
         float derivative_f = (proportional_f - (spd_f_prev - [01;31m[Kdrone_vel_f_prev[m[K)) / dt;
                                                              [01;31m[K^~~~~~~~~~~~~~~~[m[K
[01m[K/home/aims/catkin_ws/src/Onboard-SDK-ROS-3.8.1/dji_sdk/src/get_tf.cpp:391:62:[m[K [01;36m[Knote: [m[Ksuggested alternative: ‚Äò[01m[Kdrone_vel_r[m[K‚Äô
         float derivative_f = (proportional_f - (spd_f_prev - [01;36m[Kdrone_vel_f_prev[m[K)) / dt;
                                                              [01;36m[K^~~~~~~~~~~~~~~~[m[K
                                                              [32m[Kdrone_vel_r[m[K
[01m[K/home/aims/catkin_ws/src/Onboard-SDK-ROS-3.8.1/dji_sdk/src/get_tf.cpp:391:83:[m[K [01;31m[Kerror: [m[K‚Äò[01m[Kdt[m[K‚Äô was not declared in this scope
         float derivative_f = (proportional_f - (spd_f_prev - drone_vel_f_prev)) / [01;31m[Kdt[m[K;
                                                                                   [01;31m[K^~[m[K
[01m[K/home/aims/catkin_ws/src/Onboard-SDK-ROS-3.8.1/dji_sdk/src/get_tf.cpp:392:49:[m[K [01;31m[Kerror: [m[K‚Äò[01m[Kspd_r_prev[m[K‚Äô was not declared in this scope
         float derivative_r = (proportional_r - ([01;31m[Kspd_r_prev[m[K - drone_vel_r_prev)) / dt;
                                                 [01;31m[K^~~~~~~~~~[m[K
[01m[K/home/aims/catkin_ws/src/Onboard-SDK-ROS-3.8.1/dji_sdk/src/get_tf.cpp:392:49:[m[K [01;36m[Knote: [m[Ksuggested alternative: ‚Äò[01m[Kd_y_prev[m[K‚Äô
         float derivative_r = (proportional_r - ([01;36m[Kspd_r_prev[m[K - drone_vel_r_prev)) / dt;
                                                 [01;36m[K^~~~~~~~~~[m[K
                                                 [32m[Kd_y_prev[m[K
[01m[K/home/aims/catkin_ws/src/Onboard-SDK-ROS-3.8.1/dji_sdk/src/get_tf.cpp:392:62:[m[K [01;31m[Kerror: [m[K‚Äò[01m[Kdrone_vel_r_prev[m[K‚Äô was not declared in this scope
         float derivative_r = (proportional_r - (spd_r_prev - [01;31m[Kdrone_vel_r_prev[m[K)) / dt;
                                                              [01;31m[K^~~~~~~~~~~~~~~~[m[K
[01m[K/home/aims/catkin_ws/src/Onboard-SDK-ROS-3.8.1/dji_sdk/src/get_tf.cpp:392:62:[m[K [01;36m[Knote: [m[Ksuggested alternative: ‚Äò[01m[Kdrone_vel_r[m[K‚Äô
         float derivative_r = (proportional_r - (spd_r_prev - [01;36m[Kdrone_vel_r_prev[m[K)) / dt;
                                                              [01;36m[K^~~~~~~~~~~~~~~~[m[K
                                                              [32m[Kdrone_vel_r[m[K
[01m[K/home/aims/catkin_ws/src/Onboard-SDK-ROS-3.8.1/dji_sdk/src/get_tf.cpp:396:28:[m[K [01;31m[Kerror: [m[K‚Äò[01m[Kmax_move_spd[m[K‚Äô was not declared in this scope
         if(fabs(input_f) > [01;31m[Kmax_move_spd[m[K){
                            [01;31m[K^~~~~~~~~~~~[m[K
[01m[K/home/aims/catkin_ws/src/Onboard-SDK-ROS-3.8.1/dji_sdk/src/get_tf.cpp:400:28:[m[K [01;31m[Kerror: [m[K‚Äò[01m[Kmax_move_spd[m[K‚Äô was not declared in this scope
         if(fabs(input_r) > [01;31m[Kmax_move_spd[m[K){
                            [01;31m[K^~~~~~~~~~~~[m[K
[01m[K/home/aims/catkin_ws/src/Onboard-SDK-ROS-3.8.1/dji_sdk/src/get_tf.cpp:406:43:[m[K [01;31m[Kerror: [m[K‚Äò[01m[Kspd_u[m[K‚Äô was not declared in this scope
         float cont[] = {input_f, input_l, [01;31m[Kspd_u[m[K, spd_y}; // Ï†ÑÏ¢åÏÉÅÌöåÏ†Ñ
                                           [01;31m[K^~~~~[m[K
[01m[K/home/aims/catkin_ws/src/Onboard-SDK-ROS-3.8.1/dji_sdk/src/get_tf.cpp:406:43:[m[K [01;36m[Knote: [m[Ksuggested alternative: ‚Äò[01m[Kspeed_t[m[K‚Äô
         float cont[] = {input_f, input_l, [01;36m[Kspd_u[m[K, spd_y}; // Ï†ÑÏ¢åÏÉÅÌöåÏ†Ñ
                                           [01;36m[K^~~~~[m[K
                                           [32m[Kspeed_t[m[K
[01m[K/home/aims/catkin_ws/src/Onboard-SDK-ROS-3.8.1/dji_sdk/src/get_tf.cpp:406:50:[m[K [01;31m[Kerror: [m[K‚Äò[01m[Kspd_y[m[K‚Äô was not declared in this scope
         float cont[] = {input_f, input_l, spd_u, [01;31m[Kspd_y[m[K}; // Ï†ÑÏ¢åÏÉÅÌöåÏ†Ñ
                                                  [01;31m[K^~~~~[m[K
[01m[K/home/aims/catkin_ws/src/Onboard-SDK-ROS-3.8.1/dji_sdk/src/get_tf.cpp:406:50:[m[K [01;36m[Knote: [m[Ksuggested alternative: ‚Äò[01m[Kspeed_t[m[K‚Äô
         float cont[] = {input_f, input_l, spd_u, [01;36m[Kspd_y[m[K}; // Ï†ÑÏ¢åÏÉÅÌöåÏ†Ñ
                                                  [01;36m[K^~~~~[m[K
                                                  [32m[Kspeed_t[m[K
[01m[K/home/aims/catkin_ws/src/Onboard-SDK-ROS-3.8.1/dji_sdk/src/get_tf.cpp:407:20:[m[K [01;31m[Kerror: [m[K‚Äò[01m[Kn[m[K‚Äô is not captured
         move(cont, [01;31m[Kn[m[K, control_pub);
                    [01;31m[K^[m[K
[01m[K/home/aims/catkin_ws/src/Onboard-SDK-ROS-3.8.1/dji_sdk/src/get_tf.cpp:233:19:[m[K [01;36m[Knote: [m[Kthe lambda has no capture-default
   auto get_tag = [[01;36m[K][m[K()
                   [01;36m[K^[m[K
[01m[K/home/aims/catkin_ws/src/Onboard-SDK-ROS-3.8.1/dji_sdk/src/get_tf.cpp:137:19:[m[K [01;36m[Knote: [m[K‚Äò[01m[Kros::NodeHandle n[m[K‚Äô declared here
   ros::NodeHandle [01;36m[Kn[m[K;
                   [01;36m[K^[m[K
[01m[K/home/aims/catkin_ws/src/Onboard-SDK-ROS-3.8.1/dji_sdk/src/get_tf.cpp:407:23:[m[K [01;31m[Kerror: [m[K‚Äò[01m[Kcontrol_pub[m[K‚Äô was not declared in this scope
         move(cont, n, [01;31m[Kcontrol_pub[m[K);
                       [01;31m[K^~~~~~~~~~~[m[K
[01m[K/home/aims/catkin_ws/src/Onboard-SDK-ROS-3.8.1/dji_sdk/src/get_tf.cpp:415:9:[m[K [01;31m[Kerror: [m[K‚Äò[01m[Kspd_f[m[K‚Äô was not declared in this scope
         [01;31m[Kspd_f[m[K = 0;
         [01;31m[K^~~~~[m[K
[01m[K/home/aims/catkin_ws/src/Onboard-SDK-ROS-3.8.1/dji_sdk/src/get_tf.cpp:415:9:[m[K [01;36m[Knote: [m[Ksuggested alternative: ‚Äò[01m[Ksub_tf[m[K‚Äô
         [01;36m[Kspd_f[m[K = 0;
         [01;36m[K^~~~~[m[K
         [32m[Ksub_tf[m[K
[01m[K/home/aims/catkin_ws/src/Onboard-SDK-ROS-3.8.1/dji_sdk/src/get_tf.cpp:416:9:[m[K [01;31m[Kerror: [m[K‚Äò[01m[Kspd_r[m[K‚Äô was not declared in this scope
         [01;31m[Kspd_r[m[K = 0;
         [01;31m[K^~~~~[m[K
[01m[K/home/aims/catkin_ws/src/Onboard-SDK-ROS-3.8.1/dji_sdk/src/get_tf.cpp:416:9:[m[K [01;36m[Knote: [m[Ksuggested alternative: ‚Äò[01m[Kspeed_t[m[K‚Äô
         [01;36m[Kspd_r[m[K = 0;
         [01;36m[K^~~~~[m[K
         [32m[Kspeed_t[m[K
[01m[K/home/aims/catkin_ws/src/Onboard-SDK-ROS-3.8.1/dji_sdk/src/get_tf.cpp:417:20:[m[K [01;31m[Kerror: [m[K‚Äò[01m[Kn[m[K‚Äô is not captured
         move(cont, [01;31m[Kn[m[K, control_pub);
                    [01;31m[K^[m[K
[01m[K/home/aims/catkin_ws/src/Onboard-SDK-ROS-3.8.1/dji_sdk/src/get_tf.cpp:233:19:[m[K [01;36m[Knote: [m[Kthe lambda has no capture-default
   auto get_tag = [[01;36m[K][m[K()
                   [01;36m[K^[m[K
[01m[K/home/aims/catkin_ws/src/Onboard-SDK-ROS-3.8.1/dji_sdk/src/get_tf.cpp:137:19:[m[K [01;36m[Knote: [m[K‚Äò[01m[Kros::NodeHandle n[m[K‚Äô declared here
   ros::NodeHandle [01;36m[Kn[m[K;
                   [01;36m[K^[m[K
[01m[K/home/aims/catkin_ws/src/Onboard-SDK-ROS-3.8.1/dji_sdk/src/get_tf.cpp:417:23:[m[K [01;31m[Kerror: [m[K‚Äò[01m[Kcontrol_pub[m[K‚Äô was not declared in this scope
         move(cont, n, [01;31m[Kcontrol_pub[m[K);
                       [01;31m[K^~~~~~~~~~~[m[K
[01m[K/home/aims/catkin_ws/src/Onboard-SDK-ROS-3.8.1/dji_sdk/src/get_tf.cpp:421:29:[m[K [01;31m[Kerror: [m[K‚Äò[01m[Kbattery_time[m[K‚Äô was not declared in this scope
       if(ros::Time::now() - [01;31m[Kbattery_time[m[K > ros::Duration(1)){
                             [01;31m[K^~~~~~~~~~~~[m[K
[01m[K/home/aims/catkin_ws/src/Onboard-SDK-ROS-3.8.1/dji_sdk/src/get_tf.cpp:421:29:[m[K [01;36m[Knote: [m[Ksuggested alternative: ‚Äò[01m[Kstrptime[m[K‚Äô
       if(ros::Time::now() - [01;36m[Kbattery_time[m[K > ros::Duration(1)){
                             [01;36m[K^~~~~~~~~~~~[m[K
                             [32m[Kstrptime[m[K
[01m[K/home/aims/catkin_ws/src/Onboard-SDK-ROS-3.8.1/dji_sdk/src/get_tf.cpp:422:34:[m[K [01;31m[Kerror: [m[K‚Äò[01m[Kbatt_volt[m[K‚Äô was not declared in this scope
         cout << "Battery : " << ([01;31m[Kbatt_volt[m[K/1000) << " V" << endl;
                                  [01;31m[K^~~~~~~~~[m[K
[01m[K/home/aims/catkin_ws/src/Onboard-SDK-ROS-3.8.1/dji_sdk/src/get_tf.cpp:426:22:[m[K [01;31m[Kerror: [m[K‚Äò[01m[Kn[m[K‚Äô is not captured
           move(cont, [01;31m[Kn[m[K, control_pub); // Ï†ïÏßÄ
                      [01;31m[K^[m[K
[01m[K/home/aims/catkin_ws/src/Onboard-SDK-ROS-3.8.1/dji_sdk/src/get_tf.cpp:233:19:[m[K [01;36m[Knote: [m[Kthe lambda has no capture-default
   auto get_tag = [[01;36m[K][m[K()
                   [01;36m[K^[m[K
[01m[K/home/aims/catkin_ws/src/Onboard-SDK-ROS-3.8.1/dji_sdk/src/get_tf.cpp:137:19:[m[K [01;36m[Knote: [m[K‚Äò[01m[Kros::NodeHandle n[m[K‚Äô declared here
   ros::NodeHandle [01;36m[Kn[m[K;
                   [01;36m[K^[m[K
[01m[K/home/aims/catkin_ws/src/Onboard-SDK-ROS-3.8.1/dji_sdk/src/get_tf.cpp:426:25:[m[K [01;31m[Kerror: [m[K‚Äò[01m[Kcontrol_pub[m[K‚Äô was not declared in this scope
           move(cont, n, [01;31m[Kcontrol_pub[m[K); // Ï†ïÏßÄ
                         [01;31m[K^~~~~~~~~~~[m[K
[01m[K/home/aims/catkin_ws/src/Onboard-SDK-ROS-3.8.1/dji_sdk/src/get_tf.cpp:431:11:[m[K [01;31m[Kerror: [m[K‚Äò[01m[Kis_drone_move[m[K‚Äô was not declared in this scope
           [01;31m[Kis_drone_move[m[K = false;
           [01;31m[K^~~~~~~~~~~~~[m[K
CMakeFiles/get_tf.dir/build.make:75: recipe for target 'CMakeFiles/get_tf.dir/src/get_tf.cpp.o' failed
make[2]: *** [CMakeFiles/get_tf.dir/src/get_tf.cpp.o] Error 1
CMakeFiles/Makefile2:3788: recipe for target 'CMakeFiles/get_tf.dir/all' failed
make[1]: *** [CMakeFiles/get_tf.dir/all] Error 2
Makefile:145: recipe for target 'all' failed
make: *** [all] Error 2
