[01m[K/home/aims/catkin_ws/src/Onboard-SDK-ROS-3.8.1/dji_sdk/src/talker_ros_16.cpp:[m[K In lambda function:
[01m[K/home/aims/catkin_ws/src/Onboard-SDK-ROS-3.8.1/dji_sdk/src/talker_ros_16.cpp:276:11:[m[K [01;31m[Kerror: [m[Kâ€˜[01m[Kright_tag[m[Kâ€™ was not declared in this scope
           [01;31m[Kright_tag[m[K = kp * kal_r + kd * vr_tag; //+ ki * 0;
           [01;31m[K^~~~~~~~~[m[K
[01m[K/home/aims/catkin_ws/src/Onboard-SDK-ROS-3.8.1/dji_sdk/src/talker_ros_16.cpp:277:11:[m[K [01;31m[Kerror: [m[Kâ€˜[01m[Kfront_tag[m[Kâ€™ was not declared in this scope
           [01;31m[Kfront_tag[m[K = kp * kal_f + kd * vf_tag;
           [01;31m[K^~~~~~~~~[m[K
[01m[K/home/aims/catkin_ws/src/Onboard-SDK-ROS-3.8.1/dji_sdk/src/talker_ros_16.cpp:277:11:[m[K [01;36m[Knote: [m[Ksuggested alternative: â€˜[01m[Kfloat_t[m[Kâ€™
           [01;36m[Kfront_tag[m[K = kp * kal_f + kd * vf_tag;
           [01;36m[K^~~~~~~~~[m[K
           [32m[Kfloat_t[m[K
[01m[K/home/aims/catkin_ws/src/Onboard-SDK-ROS-3.8.1/dji_sdk/src/talker_ros_16.cpp:309:29:[m[K [01;31m[Kerror: [m[Kâ€˜[01m[Kstart_time[m[Kâ€™ was not declared in this scope
       if(ros::Time::now() - [01;31m[Kstart_time[m[K > ros::Duration(1)){
                             [01;31m[K^~~~~~~~~~[m[K
[01m[K/home/aims/catkin_ws/src/Onboard-SDK-ROS-3.8.1/dji_sdk/src/talker_ros_16.cpp:309:29:[m[K [01;36m[Knote: [m[Ksuggested alternative: â€˜[01m[Kstrptime[m[Kâ€™
       if(ros::Time::now() - [01;36m[Kstart_time[m[K > ros::Duration(1)){
                             [01;36m[K^~~~~~~~~~[m[K
                             [32m[Kstrptime[m[K
make[2]: *** [CMakeFiles/talker_ros_16.dir/src/talker_ros_16.cpp.o] Error 1
make[1]: *** [CMakeFiles/talker_ros_16.dir/all] Error 2
make: *** [all] Error 2
