[01m[K/home/aims/catkin_ws/src/Onboard-SDK-ROS-3.8.1/dji_sdk/src/camera_pub_and_apriltag.cpp:[m[K In function â€˜[01m[Kint main(int, char**)[m[Kâ€™:
[01m[K/home/aims/catkin_ws/src/Onboard-SDK-ROS-3.8.1/dji_sdk/src/camera_pub_and_apriltag.cpp:141:14:[m[K [01;31m[Kerror: [m[Kâ€˜[01m[Ktag36h10_create[m[Kâ€™ was not declared in this scope
         tf = [01;31m[Ktag36h10_create[m[K();
              [01;31m[K^~~~~~~~~~~~~~~[m[K
[01m[K/home/aims/catkin_ws/src/Onboard-SDK-ROS-3.8.1/dji_sdk/src/camera_pub_and_apriltag.cpp:141:14:[m[K [01;36m[Knote: [m[Ksuggested alternative: â€˜[01m[Ktag36h11_create[m[Kâ€™
         tf = [01;36m[Ktag36h10_create[m[K();
              [01;36m[K^~~~~~~~~~~~~~~[m[K
              [32m[Ktag36h11_create[m[K
[01m[K/home/aims/catkin_ws/src/Onboard-SDK-ROS-3.8.1/dji_sdk/src/camera_pub_and_apriltag.cpp:143:14:[m[K [01;31m[Kerror: [m[Kâ€˜[01m[Ktag36artoolkit_create[m[Kâ€™ was not declared in this scope
         tf = [01;31m[Ktag36artoolkit_create[m[K();
              [01;31m[K^~~~~~~~~~~~~~~~~~~~~[m[K
[01m[K/home/aims/catkin_ws/src/Onboard-SDK-ROS-3.8.1/dji_sdk/src/camera_pub_and_apriltag.cpp:143:14:[m[K [01;36m[Knote: [m[Ksuggested alternative: â€˜[01m[Ktag36h11_create[m[Kâ€™
         tf = [01;36m[Ktag36artoolkit_create[m[K();
              [01;36m[K^~~~~~~~~~~~~~~~~~~~~[m[K
              [32m[Ktag36h11_create[m[K
[01m[K/home/aims/catkin_ws/src/Onboard-SDK-ROS-3.8.1/dji_sdk/src/camera_pub_and_apriltag.cpp:147:14:[m[K [01;31m[Kerror: [m[Kâ€˜[01m[Ktag25h7_create[m[Kâ€™ was not declared in this scope
         tf = [01;31m[Ktag25h7_create[m[K();
              [01;31m[K^~~~~~~~~~~~~~[m[K
[01m[K/home/aims/catkin_ws/src/Onboard-SDK-ROS-3.8.1/dji_sdk/src/camera_pub_and_apriltag.cpp:147:14:[m[K [01;36m[Knote: [m[Ksuggested alternative: â€˜[01m[Ktag25h9_create[m[Kâ€™
         tf = [01;36m[Ktag25h7_create[m[K();
              [01;36m[K^~~~~~~~~~~~~~[m[K
              [32m[Ktag25h9_create[m[K
make[2]: *** [CMakeFiles/camera_pub_and_apriltag.dir/src/camera_pub_and_apriltag.cpp.o] Error 1
make[1]: *** [CMakeFiles/camera_pub_and_apriltag.dir/all] Error 2
make: *** [all] Error 2
