[01m[K/home/aims/catkin_ws/src/Onboard-SDK-ROS-3.8.1/dji_sdk/src/test_code.cpp:[m[K In function â€˜[01m[Kint main()[m[Kâ€™:
[01m[K/home/aims/catkin_ws/src/Onboard-SDK-ROS-3.8.1/dji_sdk/src/test_code.cpp:987:3:[m[K [01;31m[Kerror: [m[Kexpected â€˜[01m[K;[m[Kâ€™ before â€˜[01m[K}[m[Kâ€™ token
   [01;31m[K}[m[K
   [01;31m[K^[m[K
make[2]: *** [CMakeFiles/test_code.dir/src/test_code.cpp.o] Error 1
make[1]: *** [CMakeFiles/test_code.dir/all] Error 2
make: *** [all] Error 2
