[01m[K/home/aims/catkin_ws/src/Onboard-SDK-ROS-3.8.1/dji_sdk/src/talker_ros_16.cpp:[m[K In lambda function:
[01m[K/home/aims/catkin_ws/src/Onboard-SDK-ROS-3.8.1/dji_sdk/src/talker_ros_16.cpp:311:9:[m[K [01;31m[Kerror: [m[Kâ€˜[01m[Kdiatance_pub[m[Kâ€™ was not declared in this scope
         [01;31m[Kdiatance_pub[m[K.publish(distance_data);
         [01;31m[K^~~~~~~~~~~~[m[K
[01m[K/home/aims/catkin_ws/src/Onboard-SDK-ROS-3.8.1/dji_sdk/src/talker_ros_16.cpp:311:9:[m[K [01;36m[Knote: [m[Ksuggested alternative: â€˜[01m[Kdistance_pub[m[Kâ€™
         [01;36m[Kdiatance_pub[m[K.publish(distance_data);
         [01;36m[K^~~~~~~~~~~~[m[K
         [32m[Kdistance_pub[m[K
make[2]: *** [CMakeFiles/talker_ros_16.dir/src/talker_ros_16.cpp.o] Error 1
make[1]: *** [CMakeFiles/talker_ros_16.dir/all] Error 2
make: *** [all] Error 2
