[01m[K/home/aims/catkin_ws/src/Onboard-SDK-ROS-3.8.1/dji_sdk/src/talker_ros_18.cpp:[m[K In lambda function:
[01m[K/home/aims/catkin_ws/src/Onboard-SDK-ROS-3.8.1/dji_sdk/src/talker_ros_18.cpp:296:35:[m[K [01;31m[Kerror: [m[Kâ€˜[01m[Kspd_constant[m[Kâ€™ was not declared in this scope
           kal_r_vel = kal_r_vel * [01;31m[Kspd_constant[m[K;
                                   [01;31m[K^~~~~~~~~~~~[m[K
make[2]: *** [CMakeFiles/talker_ros_18.dir/src/talker_ros_18.cpp.o] Error 1
make[1]: *** [CMakeFiles/talker_ros_18.dir/all] Error 2
make: *** [all] Error 2
