[01m[K/home/aims/catkin_ws/src/Onboard-SDK-ROS-3.8.1/dji_sdk/src/platform_simulator.cpp:[m[K In lambda function:
[01m[K/home/aims/catkin_ws/src/Onboard-SDK-ROS-3.8.1/dji_sdk/src/platform_simulator.cpp:154:41:[m[K [01;31m[Kerror: [m[Kâ€˜[01m[Kclass ros::Time[m[Kâ€™ has no member named â€˜[01m[KtsSec[m[Kâ€™; did you mean â€˜[01m[KtoSec[m[Kâ€™?
     double time_prev = ros::Time::now().[01;31m[KtsSec[m[K();
                                         [01;31m[K^~~~~[m[K
                                         [32m[KtoSec[m[K
[01m[K/home/aims/catkin_ws/src/Onboard-SDK-ROS-3.8.1/dji_sdk/src/platform_simulator.cpp:172:22:[m[K [01;31m[Kerror: [m[Kâ€˜[01m[Kvo_x[m[Kâ€™ was not declared in this scope
         vo_x_start = [01;31m[Kvo_x[m[K;
                      [01;31m[K^~~~[m[K
[01m[K/home/aims/catkin_ws/src/Onboard-SDK-ROS-3.8.1/dji_sdk/src/platform_simulator.cpp:172:22:[m[K [01;36m[Knote: [m[Ksuggested alternative: â€˜[01m[Kvo_z[m[Kâ€™
         vo_x_start = [01;36m[Kvo_x[m[K;
                      [01;36m[K^~~~[m[K
                      [32m[Kvo_z[m[K
[01m[K/home/aims/catkin_ws/src/Onboard-SDK-ROS-3.8.1/dji_sdk/src/platform_simulator.cpp:173:22:[m[K [01;31m[Kerror: [m[Kâ€˜[01m[Kvo_y[m[Kâ€™ was not declared in this scope
         vo_y_start = [01;31m[Kvo_y[m[K;
                      [01;31m[K^~~~[m[K
[01m[K/home/aims/catkin_ws/src/Onboard-SDK-ROS-3.8.1/dji_sdk/src/platform_simulator.cpp:173:22:[m[K [01;36m[Knote: [m[Ksuggested alternative: â€˜[01m[Kvo_z[m[Kâ€™
         vo_y_start = [01;36m[Kvo_y[m[K;
                      [01;36m[K^~~~[m[K
                      [32m[Kvo_z[m[K
make[2]: *** [CMakeFiles/platform_simulator.dir/src/platform_simulator.cpp.o] Error 1
make[1]: *** [CMakeFiles/platform_simulator.dir/all] Error 2
make: *** [all] Error 2
