[01m[K/home/aims/catkin_ws/src/Onboard-SDK-ROS-3.8.1/dji_sdk/src/talker_ros_16.cpp:[m[K In lambda function:
[01m[K/home/aims/catkin_ws/src/Onboard-SDK-ROS-3.8.1/dji_sdk/src/talker_ros_16.cpp:264:9:[m[K [01;31m[Kerror: [m[Kâ€˜[01m[Kcontrol_start_time[m[Kâ€™ was not declared in this scope
         [01;31m[Kcontrol_start_time[m[K = ros::Time::now();
         [01;31m[K^~~~~~~~~~~~~~~~~~[m[K
[01m[K/home/aims/catkin_ws/src/Onboard-SDK-ROS-3.8.1/dji_sdk/src/talker_ros_16.cpp:264:9:[m[K [01;36m[Knote: [m[Ksuggested alternative: â€˜[01m[Kcontrol_drone[m[Kâ€™
         [01;36m[Kcontrol_start_time[m[K = ros::Time::now();
         [01;36m[K^~~~~~~~~~~~~~~~~~[m[K
         [32m[Kcontrol_drone[m[K
make[2]: *** [CMakeFiles/talker_ros_16.dir/src/talker_ros_16.cpp.o] Error 1
make[1]: *** [CMakeFiles/talker_ros_16.dir/all] Error 2
make: *** [all] Error 2
