[01m[K/home/aims/catkin_ws/src/Onboard-SDK-ROS-3.8.1/dji_sdk/src/talker_ros_19.cpp:719:39:[m[K [01;31m[Kerror: [m[Kâ€˜[01m[KTFMessage[m[Kâ€™ in namespace â€˜[01m[Kgeometry_msgs[m[Kâ€™ does not name a type
 void callback_tf(const geometry_msgs::[01;31m[KTFMessage[m[K msg3) // need to be edited
                                       [01;31m[K^~~~~~~~~[m[K
[01m[K/home/aims/catkin_ws/src/Onboard-SDK-ROS-3.8.1/dji_sdk/src/talker_ros_19.cpp:[m[K In function â€˜[01m[Kvoid callback_tf(int)[m[Kâ€™:
[01m[K/home/aims/catkin_ws/src/Onboard-SDK-ROS-3.8.1/dji_sdk/src/talker_ros_19.cpp:721:15:[m[K [01;31m[Kerror: [m[Krequest for member â€˜[01m[Ktransforms[m[Kâ€™ in â€˜[01m[Kmsg3[m[Kâ€™, which is of non-class type â€˜[01m[Kconst int[m[Kâ€™
   x_tf = msg3.[01;31m[Ktransforms[m[K[0].transform.translation.x;
               [01;31m[K^~~~~~~~~~[m[K
[01m[K/home/aims/catkin_ws/src/Onboard-SDK-ROS-3.8.1/dji_sdk/src/talker_ros_19.cpp:722:15:[m[K [01;31m[Kerror: [m[Krequest for member â€˜[01m[Ktransforms[m[Kâ€™ in â€˜[01m[Kmsg3[m[Kâ€™, which is of non-class type â€˜[01m[Kconst int[m[Kâ€™
   y_tf = msg3.[01;31m[Ktransforms[m[K[0].transform.translation.y;
               [01;31m[K^~~~~~~~~~[m[K
[01m[K/home/aims/catkin_ws/src/Onboard-SDK-ROS-3.8.1/dji_sdk/src/talker_ros_19.cpp:723:15:[m[K [01;31m[Kerror: [m[Krequest for member â€˜[01m[Ktransforms[m[Kâ€™ in â€˜[01m[Kmsg3[m[Kâ€™, which is of non-class type â€˜[01m[Kconst int[m[Kâ€™
   z_tf = msg3.[01;31m[Ktransforms[m[K[0].transform.translation.z;
               [01;31m[K^~~~~~~~~~[m[K
[01m[K/home/aims/catkin_ws/src/Onboard-SDK-ROS-3.8.1/dji_sdk/src/talker_ros_19.cpp:[m[K At global scope:
[01m[K/home/aims/catkin_ws/src/Onboard-SDK-ROS-3.8.1/dji_sdk/src/talker_ros_19.cpp:730:36:[m[K [01;31m[Kerror: [m[Kâ€˜[01m[KTransform[m[Kâ€™ in namespace â€˜[01m[Ktf2_msgs[m[Kâ€™ does not name a type
 void callback_tf_2(const ::Transfor[01;31m[Km tag_tmp[m[K){
                                    [01;31m[K^~~~~~~~~[m[K
[01m[K/home/aims/catkin_ws/src/Onboard-SDK-ROS-3.8.1/dji_sdk/src/talker_ros_19.cpp:[m[K In function â€˜[01m[Kvoid callback_tf_2(int)[m[Kâ€™:
[01m[K/home/aims/catkin_ws/src/Onboard-SDK-ROS-3.8.1/dji_sdk/src/talker_ros_19.cpp:731:18:[m[K [01;31m[Kerror: [m[Krequest for member â€˜[01m[Ktranslation[m[Kâ€™ in â€˜[01m[Ktag_tmp[m[Kâ€™, which is of non-class type â€˜[01m[Kconst int[m[Kâ€™
   x_tf = tag_tmp.[01;31m[Ktranslation[m[K.x;
                  [01;31m[K^~~~~~~~~~~[m[K
[01m[K/home/aims/catkin_ws/src/Onboard-SDK-ROS-3.8.1/dji_sdk/src/talker_ros_19.cpp:732:18:[m[K [01;31m[Kerror: [m[Krequest for member â€˜[01m[Ktranslation[m[Kâ€™ in â€˜[01m[Ktag_tmp[m[Kâ€™, which is of non-class type â€˜[01m[Kconst int[m[Kâ€™
   y_tf = tag_tmp.[01;31m[Ktranslation[m[K.y;
                  [01;31m[K^~~~~~~~~~~[m[K
[01m[K/home/aims/catkin_ws/src/Onboard-SDK-ROS-3.8.1/dji_sdk/src/talker_ros_19.cpp:733:18:[m[K [01;31m[Kerror: [m[Krequest for member â€˜[01m[Ktranslation[m[Kâ€™ in â€˜[01m[Ktag_tmp[m[Kâ€™, which is of non-class type â€˜[01m[Kconst int[m[Kâ€™
   z_tf = tag_tmp.[01;31m[Ktranslation[m[K.z;
                  [01;31m[K^~~~~~~~~~~[m[K
make[2]: *** [CMakeFiles/talker_ros_19.dir/src/talker_ros_19.cpp.o] Error 1
make[1]: *** [CMakeFiles/talker_ros_19.dir/all] Error 2
make[1]: *** Waiting for unfinished jobs....
make: *** [all] Error 2
