[01m[K/home/aims/catkin_ws/src/Onboard-SDK-ROS-3.8.1/dji_sdk/src/save_log.cpp:[m[K In lambda function:
[01m[K/home/aims/catkin_ws/src/Onboard-SDK-ROS-3.8.1/dji_sdk/src/save_log.cpp:249:39:[m[K [01;31m[Kerror: [m[Kâ€˜[01m[Kkd_control[m[Kâ€™ was not declared in this scope
       outfile << kp_control << "," << [01;31m[Kkd_control[m[K << endl;
                                       [01;31m[K^~~~~~~~~~[m[K
[01m[K/home/aims/catkin_ws/src/Onboard-SDK-ROS-3.8.1/dji_sdk/src/save_log.cpp:249:39:[m[K [01;36m[Knote: [m[Ksuggested alternative: â€˜[01m[Kkp_control[m[Kâ€™
       outfile << kp_control << "," << [01;36m[Kkd_control[m[K << endl;
                                       [01;36m[K^~~~~~~~~~[m[K
                                       [32m[Kkp_control[m[K
[01m[K/home/aims/catkin_ws/src/Onboard-SDK-ROS-3.8.1/dji_sdk/src/save_log.cpp:[m[K In function â€˜[01m[Kvoid cb_distance(std_msgs::Float64MultiArray)[m[Kâ€™:
[01m[K/home/aims/catkin_ws/src/Onboard-SDK-ROS-3.8.1/dji_sdk/src/save_log.cpp:480:3:[m[K [01;31m[Kerror: [m[Kâ€˜[01m[Kkd_control[m[Kâ€™ was not declared in this scope
   [01;31m[Kkd_control[m[K = dist.data[8];
   [01;31m[K^~~~~~~~~~[m[K
[01m[K/home/aims/catkin_ws/src/Onboard-SDK-ROS-3.8.1/dji_sdk/src/save_log.cpp:480:3:[m[K [01;36m[Knote: [m[Ksuggested alternative: â€˜[01m[Kkp_control[m[Kâ€™
   [01;36m[Kkd_control[m[K = dist.data[8];
   [01;36m[K^~~~~~~~~~[m[K
   [32m[Kkp_control[m[K
[01m[K/home/aims/catkin_ws/src/Onboard-SDK-ROS-3.8.1/dji_sdk/src/talker_ros_19.cpp:[m[K In lambda function:
[01m[K/home/aims/catkin_ws/src/Onboard-SDK-ROS-3.8.1/dji_sdk/src/talker_ros_19.cpp:406:33:[m[K [01;31m[Kerror: [m[Kâ€˜[01m[Kkp_control[m[Kâ€™ was not declared in this scope
         distance_data.data[7] = [01;31m[Kkp_control[m[K;
                                 [01;31m[K^~~~~~~~~~[m[K
[01m[K/home/aims/catkin_ws/src/Onboard-SDK-ROS-3.8.1/dji_sdk/src/talker_ros_19.cpp:406:33:[m[K [01;36m[Knote: [m[Ksuggested alternative: â€˜[01m[K_IScntrl[m[Kâ€™
         distance_data.data[7] = [01;36m[Kkp_control[m[K;
                                 [01;36m[K^~~~~~~~~~[m[K
                                 [32m[K_IScntrl[m[K
[01m[K/home/aims/catkin_ws/src/Onboard-SDK-ROS-3.8.1/dji_sdk/src/talker_ros_19.cpp:407:33:[m[K [01;31m[Kerror: [m[Kâ€˜[01m[Kkd_control[m[Kâ€™ was not declared in this scope
         distance_data.data[8] = [01;31m[Kkd_control[m[K;
                                 [01;31m[K^~~~~~~~~~[m[K
[01m[K/home/aims/catkin_ws/src/Onboard-SDK-ROS-3.8.1/dji_sdk/src/talker_ros_19.cpp:407:33:[m[K [01;36m[Knote: [m[Ksuggested alternative: â€˜[01m[K_IScntrl[m[Kâ€™
         distance_data.data[8] = [01;36m[Kkd_control[m[K;
                                 [01;36m[K^~~~~~~~~~[m[K
                                 [32m[K_IScntrl[m[K
make[2]: *** [CMakeFiles/save_log.dir/src/save_log.cpp.o] Error 1
make[1]: *** [CMakeFiles/save_log.dir/all] Error 2
make[1]: *** Waiting for unfinished jobs....
make[2]: *** [CMakeFiles/talker_ros_19.dir/src/talker_ros_19.cpp.o] Error 1
make[1]: *** [CMakeFiles/talker_ros_19.dir/all] Error 2
make: *** [all] Error 2
