[01m[K/home/aims/catkin_ws/src/Onboard-SDK-ROS-3.8.1/dji_sdk/src/talker_ros_19.cpp:[m[K In function â€˜[01m[Kint main(int, char**)[m[Kâ€™:
[01m[K/home/aims/catkin_ws/src/Onboard-SDK-ROS-3.8.1/dji_sdk/src/talker_ros_19.cpp:227:12:[m[K [01;31m[Kerror: [m[Kâ€˜[01m[Kmax_move_sp[m[Kâ€™ was not declared in this scope
     cin >> [01;31m[Kmax_move_sp[m[K
            [01;31m[K^~~~~~~~~~~[m[K
[01m[K/home/aims/catkin_ws/src/Onboard-SDK-ROS-3.8.1/dji_sdk/src/talker_ros_19.cpp:227:12:[m[K [01;36m[Knote: [m[Ksuggested alternative: â€˜[01m[Kmax_move_spd[m[Kâ€™
     cin >> [01;36m[Kmax_move_sp[m[K
            [01;36m[K^~~~~~~~~~~[m[K
            [32m[Kmax_move_spd[m[K
make[2]: *** [CMakeFiles/talker_ros_19.dir/src/talker_ros_19.cpp.o] Error 1
make[1]: *** [CMakeFiles/talker_ros_19.dir/all] Error 2
make: *** [all] Error 2
