[01m[K/home/aims/catkin_ws/src/Onboard-SDK-ROS-3.8.1/dji_sdk/src/talker_ros_16.cpp:[m[K In lambda function:
[01m[K/home/aims/catkin_ws/src/Onboard-SDK-ROS-3.8.1/dji_sdk/src/talker_ros_16.cpp:261:26:[m[K [01;31m[Kerror: [m[Kâ€˜[01m[Kx_tf[m[Kâ€™ was not declared in this scope
           float d_x_tf = [01;31m[Kx_tf[m[K - r_tf_prev;
                          [01;31m[K^~~~[m[K
[01m[K/home/aims/catkin_ws/src/Onboard-SDK-ROS-3.8.1/dji_sdk/src/talker_ros_16.cpp:261:26:[m[K [01;36m[Knote: [m[Ksuggested alternative: â€˜[01m[Kd_x_tf[m[Kâ€™
           float d_x_tf = [01;36m[Kx_tf[m[K - r_tf_prev;
                          [01;36m[K^~~~[m[K
                          [32m[Kd_x_tf[m[K
[01m[K/home/aims/catkin_ws/src/Onboard-SDK-ROS-3.8.1/dji_sdk/src/talker_ros_16.cpp:374:17:[m[K [01;31m[Kerror: [m[Kâ€˜[01m[Kx_tf[m[Kâ€™ was not declared in this scope
         if(fabs([01;31m[Kx_tf[m[K) > 0.05){
                 [01;31m[K^~~~[m[K
[01m[K/home/aims/catkin_ws/src/Onboard-SDK-ROS-3.8.1/dji_sdk/src/talker_ros_16.cpp:375:33:[m[K [01;31m[Kerror: [m[Kâ€˜[01m[Kx_tf_prev[m[Kâ€™ was not declared in this scope
           float d_x_tf = x_tf - [01;31m[Kx_tf_prev[m[K; // í˜„ì¬ì—ì„œ ì´ì „ì„ ë¹¼ëŠ”ê²Œ ë§ë‚˜?
                                 [01;31m[K^~~~~~~~~[m[K
[01m[K/home/aims/catkin_ws/src/Onboard-SDK-ROS-3.8.1/dji_sdk/src/talker_ros_16.cpp:375:33:[m[K [01;36m[Knote: [m[Ksuggested alternative: â€˜[01m[Kz_tf_prev[m[Kâ€™
           float d_x_tf = x_tf - [01;36m[Kx_tf_prev[m[K; // í˜„ì¬ì—ì„œ ì´ì „ì„ ë¹¼ëŠ”ê²Œ ë§ë‚˜?
                                 [01;36m[K^~~~~~~~~[m[K
                                 [32m[Kz_tf_prev[m[K
[01m[K/home/aims/catkin_ws/src/Onboard-SDK-ROS-3.8.1/dji_sdk/src/talker_ros_16.cpp:400:9:[m[K [01;31m[Kerror: [m[Kâ€˜[01m[Kx_tf_prev[m[Kâ€™ was not declared in this scope
         [01;31m[Kx_tf_prev[m[K = x_tf;
         [01;31m[K^~~~~~~~~[m[K
[01m[K/home/aims/catkin_ws/src/Onboard-SDK-ROS-3.8.1/dji_sdk/src/talker_ros_16.cpp:400:9:[m[K [01;36m[Knote: [m[Ksuggested alternative: â€˜[01m[Kz_tf_prev[m[Kâ€™
         [01;36m[Kx_tf_prev[m[K = x_tf;
         [01;36m[K^~~~~~~~~[m[K
         [32m[Kz_tf_prev[m[K
[01m[K/home/aims/catkin_ws/src/Onboard-SDK-ROS-3.8.1/dji_sdk/src/talker_ros_16.cpp:400:21:[m[K [01;31m[Kerror: [m[Kâ€˜[01m[Kx_tf[m[Kâ€™ was not declared in this scope
         x_tf_prev = [01;31m[Kx_tf[m[K;
                     [01;31m[K^~~~[m[K
[01m[K/home/aims/catkin_ws/src/Onboard-SDK-ROS-3.8.1/dji_sdk/src/talker_ros_16.cpp:[m[K In lambda function:
[01m[K/home/aims/catkin_ws/src/Onboard-SDK-ROS-3.8.1/dji_sdk/src/talker_ros_16.cpp:452:5:[m[K [01;31m[Kerror: [m[Kâ€˜[01m[Kx_tf[m[Kâ€™ was not declared in this scope
     [01;31m[Kx_tf[m[K = 0;
     [01;31m[K^~~~[m[K
[01m[K/home/aims/catkin_ws/src/Onboard-SDK-ROS-3.8.1/dji_sdk/src/talker_ros_16.cpp:453:5:[m[K [01;31m[Kerror: [m[Kâ€˜[01m[Ky_tf[m[Kâ€™ was not declared in this scope
     [01;31m[Ky_tf[m[K = 0;
     [01;31m[K^~~~[m[K
[01m[K/home/aims/catkin_ws/src/Onboard-SDK-ROS-3.8.1/dji_sdk/src/talker_ros_16.cpp:453:5:[m[K [01;36m[Knote: [m[Ksuggested alternative: â€˜[01m[Kynf[m[Kâ€™
     [01;36m[Ky_tf[m[K = 0;
     [01;36m[K^~~~[m[K
     [32m[Kynf[m[K
[01m[K/home/aims/catkin_ws/src/Onboard-SDK-ROS-3.8.1/dji_sdk/src/talker_ros_16.cpp:[m[K In function â€˜[01m[Kvoid callback_tf(tf2_msgs::TFMessage)[m[Kâ€™:
[01m[K/home/aims/catkin_ws/src/Onboard-SDK-ROS-3.8.1/dji_sdk/src/talker_ros_16.cpp:535:3:[m[K [01;31m[Kerror: [m[Kâ€˜[01m[Kx_tf[m[Kâ€™ was not declared in this scope
   [01;31m[Kx_tf[m[K = msg3.transforms[0].transform.translation.x;
   [01;31m[K^~~~[m[K
[01m[K/home/aims/catkin_ws/src/Onboard-SDK-ROS-3.8.1/dji_sdk/src/talker_ros_16.cpp:536:3:[m[K [01;31m[Kerror: [m[Kâ€˜[01m[Ky_tf[m[Kâ€™ was not declared in this scope
   [01;31m[Ky_tf[m[K = msg3.transforms[0].transform.translation.y; //z_tfëŠ” ì—†ì–´ë„ ë˜ëŠ”ê±´ê°€?
   [01;31m[K^~~~[m[K
[01m[K/home/aims/catkin_ws/src/Onboard-SDK-ROS-3.8.1/dji_sdk/src/talker_ros_16.cpp:536:3:[m[K [01;36m[Knote: [m[Ksuggested alternative: â€˜[01m[Kynf[m[Kâ€™
   [01;36m[Ky_tf[m[K = msg3.transforms[0].transform.translation.y; //z_tfëŠ” ì—†ì–´ë„ ë˜ëŠ”ê±´ê°€?
   [01;36m[K^~~~[m[K
   [32m[Kynf[m[K
make[2]: *** [CMakeFiles/talker_ros_16.dir/src/talker_ros_16.cpp.o] Error 1
make[1]: *** [CMakeFiles/talker_ros_16.dir/all] Error 2
make: *** [all] Error 2
