[01m[K/home/aims/catkin_ws/src/Onboard-SDK-ROS-3.8.1/dji_sdk/src/talker_ros_17.cpp:[m[K In lambda function:
[01m[K/home/aims/catkin_ws/src/Onboard-SDK-ROS-3.8.1/dji_sdk/src/talker_ros_17.cpp:341:9:[m[K [01;31m[Kerror: [m[Kexpected â€˜[01m[K;[m[Kâ€™ before â€˜[01m[K}[m[Kâ€™ token
         [01;31m[K}[m[K
         [01;31m[K^[m[K
make[2]: *** [CMakeFiles/talker_ros_17.dir/src/talker_ros_17.cpp.o] Error 1
make[1]: *** [CMakeFiles/talker_ros_17.dir/all] Error 2
make: *** [all] Error 2
