[01m[K/home/aims/catkin_ws/src/Onboard-SDK-ROS-3.8.1/dji_sdk/src/platform_simulator.cpp:[m[K In lambda function:
[01m[K/home/aims/catkin_ws/src/Onboard-SDK-ROS-3.8.1/dji_sdk/src/platform_simulator.cpp:169:12:[m[K [01;31m[Kerror: [m[Kâ€˜[01m[Ktf2_msgs::TFMessage {aka struct tf2_msgs::TFMessage_<std::allocator<void> >}[m[Kâ€™ has no member named â€˜[01m[Kpush_back[m[Kâ€™
     tag_po.[01;31m[Kpush_back[m[K(0.0);
            [01;31m[K^~~~~~~~~[m[K
make[2]: *** [CMakeFiles/platform_simulator.dir/src/platform_simulator.cpp.o] Error 1
make[1]: *** [CMakeFiles/platform_simulator.dir/all] Error 2
make: *** [all] Error 2
