[01m[K/home/aims/catkin_ws/src/Onboard-SDK-ROS-3.8.1/dji_sdk/src/platform_simulator.cpp:[m[K In lambda function:
[01m[K/home/aims/catkin_ws/src/Onboard-SDK-ROS-3.8.1/dji_sdk/src/platform_simulator.cpp:175:18:[m[K [01;31m[Kerror: [m[Kexpected primary-expression before â€˜[01m[K/[m[Kâ€™ token
     geometry_msgs[01;31m[K/[m[KVector3 tst_2;
                  [01;31m[K^[m[K
[01m[K/home/aims/catkin_ws/src/Onboard-SDK-ROS-3.8.1/dji_sdk/src/platform_simulator.cpp:175:19:[m[K [01;31m[Kerror: [m[Kâ€˜[01m[KVector3[m[Kâ€™ was not declared in this scope
     geometry_msgs/[01;31m[KVector3[m[K tst_2;
                   [01;31m[K^~~~~~~[m[K
[01m[K/home/aims/catkin_ws/src/Onboard-SDK-ROS-3.8.1/dji_sdk/src/platform_simulator.cpp:175:19:[m[K [01;36m[Knote: [m[Ksuggested alternatives:
In file included from [01m[K/opt/ros/melodic/include/geometry_msgs/Vector3Stamped.h:19:0[m[K,
                 from [01m[K/home/aims/catkin_ws/src/Onboard-SDK-ROS-3.8.1/dji_sdk/src/platform_simulator.cpp:8[m[K:
[01m[K/opt/ros/melodic/include/geometry_msgs/Vector3.h:58:58:[m[K [01;36m[Knote: [m[K  â€˜[01m[Kgeometry_msgs::Vector3[m[Kâ€™
 typedef ::geometry_msgs::Vector3_<std::allocator<void> > [01;36m[KVector3[m[K;
                                                          [01;36m[K^~~~~~~[m[K
In file included from [01m[K/opt/ros/melodic/include/tf2/transform_storage.h:35:0[m[K,
                 from [01m[K/opt/ros/melodic/include/tf2/buffer_core.h:35[m[K,
                 from [01m[K/opt/ros/melodic/include/tf2_ros/buffer_interface.h:35[m[K,
                 from [01m[K/opt/ros/melodic/include/tf2_ros/buffer.h:35[m[K,
                 from [01m[K/opt/ros/melodic/include/tf/tf.h:49[m[K,
                 from [01m[K/home/aims/catkin_ws/src/Onboard-SDK-ROS-3.8.1/dji_sdk/include/dji_sdk/demo_flight_control.h:27[m[K,
                 from [01m[K/home/aims/catkin_ws/src/Onboard-SDK-ROS-3.8.1/dji_sdk/src/platform_simulator.cpp:14[m[K:
[01m[K/opt/ros/melodic/include/tf2/LinearMath/Vector3.h:37:28:[m[K [01;36m[Knote: [m[K  â€˜[01m[Ktf2::Vector3[m[Kâ€™
 ATTRIBUTE_ALIGNED16(class) [01;36m[KVector3[m[K
                            [01;36m[K^~~~~~~[m[K
In file included from [01m[K/opt/ros/melodic/include/tf/LinearMath/Matrix3x3.h:19:0[m[K,
                 from [01m[K/opt/ros/melodic/include/tf/LinearMath/Transform.h:21[m[K,
                 from [01m[K/opt/ros/melodic/include/tf/transform_datatypes.h:41[m[K,
                 from [01m[K/opt/ros/melodic/include/tf/time_cache.h:38[m[K,
                 from [01m[K/opt/ros/melodic/include/tf/tf.h:44[m[K,
                 from [01m[K/home/aims/catkin_ws/src/Onboard-SDK-ROS-3.8.1/dji_sdk/include/dji_sdk/demo_flight_control.h:27[m[K,
                 from [01m[K/home/aims/catkin_ws/src/Onboard-SDK-ROS-3.8.1/dji_sdk/src/platform_simulator.cpp:14[m[K:
[01m[K/opt/ros/melodic/include/tf/LinearMath/Vector3.h:38:28:[m[K [01;36m[Knote: [m[K  â€˜[01m[Ktf::Vector3[m[Kâ€™
 ATTRIBUTE_ALIGNED16(class) [01;36m[KVector3[m[K
                            [01;36m[K^~~~~~~[m[K
[01m[K/home/aims/catkin_ws/src/Onboard-SDK-ROS-3.8.1/dji_sdk/src/platform_simulator.cpp:176:13:[m[K [01;31m[Kerror: [m[Kâ€˜[01m[Ktst_2[m[Kâ€™ was not declared in this scope
     cout << [01;31m[Ktst_2[m[K << "tst_2" << endl;
             [01;31m[K^~~~~[m[K
[01m[K/home/aims/catkin_ws/src/Onboard-SDK-ROS-3.8.1/dji_sdk/src/platform_simulator.cpp:176:13:[m[K [01;36m[Knote: [m[Ksuggested alternative: â€˜[01m[Ktst[m[Kâ€™
     cout << [01;36m[Ktst_2[m[K << "tst_2" << endl;
             [01;36m[K^~~~~[m[K
             [32m[Ktst[m[K
make[2]: *** [CMakeFiles/platform_simulator.dir/src/platform_simulator.cpp.o] Error 1
make[1]: *** [CMakeFiles/platform_simulator.dir/all] Error 2
make: *** [all] Error 2
