[01m[K/home/aims/catkin_ws/src/Onboard-SDK-ROS-3.8.1/dji_sdk/src/save_log.cpp:[m[K In function â€˜[01m[Kvoid get_img(const ImageConstPtr&)[m[Kâ€™:
[01m[K/home/aims/catkin_ws/src/Onboard-SDK-ROS-3.8.1/dji_sdk/src/save_log.cpp:317:105:[m[K [01;31m[Kerror: [m[Kâ€˜[01m[KScalar[m[Kâ€™ was not declared in this scope
     cv::putText(cv_bridge::toCvShare(img_ros, "bgr8")->image, myText, myPoint, myFontFace, myFontScale, [01;31m[KScalar[m[K(0, 0, 255)); // cv::Scalar::all(255)
                                                                                                         [01;31m[K^~~~~~[m[K
[01m[K/home/aims/catkin_ws/src/Onboard-SDK-ROS-3.8.1/dji_sdk/src/save_log.cpp:317:105:[m[K [01;36m[Knote: [m[Ksuggested alternative:
In file included from [01m[K/usr/local/include/opencv2/core.hpp:58:0[m[K,
                 from [01m[K/usr/local/include/opencv2/highgui.hpp:46[m[K,
                 from [01m[K/usr/local/include/opencv2/highgui/highgui.hpp:48[m[K,
                 from [01m[K/home/aims/catkin_ws/src/Onboard-SDK-ROS-3.8.1/dji_sdk/src/save_log.cpp:11[m[K:
[01m[K/usr/local/include/opencv2/core/types.hpp:657:25:[m[K [01;36m[Knote: [m[K  â€˜[01m[Kcv::Scalar[m[Kâ€™
 typedef Scalar_<double> [01;36m[KScalar[m[K;
                         [01;36m[K^~~~~~[m[K
[01m[K/home/aims/catkin_ws/src/Onboard-SDK-ROS-3.8.1/dji_sdk/src/save_log.cpp:320:8:[m[K [01;31m[Kerror: [m[Kâ€˜[01m[Kkal_is_tag_lost[m[Kâ€™ was not declared in this scope
     if([01;31m[Kkal_is_tag_lost[m[K == 1){
        [01;31m[K^~~~~~~~~~~~~~~[m[K
[01m[K/home/aims/catkin_ws/src/Onboard-SDK-ROS-3.8.1/dji_sdk/src/save_log.cpp:320:8:[m[K [01;36m[Knote: [m[Ksuggested alternative: â€˜[01m[Kis_tag_lost[m[Kâ€™
     if([01;36m[Kkal_is_tag_lost[m[K == 1){
        [01;36m[K^~~~~~~~~~~~~~~[m[K
        [32m[Kis_tag_lost[m[K
make[2]: *** [CMakeFiles/save_log.dir/src/save_log.cpp.o] Error 1
make[1]: *** [CMakeFiles/save_log.dir/all] Error 2
make: *** [all] Error 2
