[01m[K/home/aims/catkin_ws/src/Onboard-SDK-ROS-3.8.1/dji_sdk/src/get_tf.cpp:[m[K In function â€˜[01m[Kint main(int, char**)[m[Kâ€™:
[01m[K/home/aims/catkin_ws/src/Onboard-SDK-ROS-3.8.1/dji_sdk/src/get_tf.cpp:190:3:[m[K [01;31m[Kerror: [m[Kâ€˜[01m[Kgimbal_control[m[Kâ€™ was not declared in this scope
   [01;31m[Kgimbal_control[m[K.publish(gim); // ì§ë²Œ ì´ˆê¸°í™”
   [01;31m[K^~~~~~~~~~~~~~[m[K
[01m[K/home/aims/catkin_ws/src/Onboard-SDK-ROS-3.8.1/dji_sdk/src/get_tf.cpp:190:3:[m[K [01;36m[Knote: [m[Ksuggested alternative: â€˜[01m[Kgimbal_down[m[Kâ€™
   [01;36m[Kgimbal_control[m[K.publish(gim); // ì§ë²Œ ì´ˆê¸°í™”
   [01;36m[K^~~~~~~~~~~~~~[m[K
   [32m[Kgimbal_down[m[K
[01m[K/home/aims/catkin_ws/src/Onboard-SDK-ROS-3.8.1/dji_sdk/src/get_tf.cpp:193:5:[m[K [01;31m[Kerror: [m[Kâ€˜[01m[Kdistance_data[m[Kâ€™ was not declared in this scope
     [01;31m[Kdistance_data[m[K.data.push_back(0.0);
     [01;31m[K^~~~~~~~~~~~~[m[K
[01m[K/home/aims/catkin_ws/src/Onboard-SDK-ROS-3.8.1/dji_sdk/src/get_tf.cpp:193:5:[m[K [01;36m[Knote: [m[Ksuggested alternative: â€˜[01m[Kdrand48_data[m[Kâ€™
     [01;36m[Kdistance_data[m[K.data.push_back(0.0);
     [01;36m[K^~~~~~~~~~~~~[m[K
     [32m[Kdrand48_data[m[K
make[2]: *** [CMakeFiles/get_tf.dir/src/get_tf.cpp.o] Error 1
make[1]: *** [CMakeFiles/get_tf.dir/all] Error 2
make: *** [all] Error 2
