[01m[K/home/aims/catkin_ws/src/Onboard-SDK-ROS-3.8.1/dji_sdk/src/save_log.cpp:[m[K In function â€˜[01m[Kvoid cb_kalman(std_msgs::Float64MultiArray)[m[Kâ€™:
[01m[K/home/aims/catkin_ws/src/Onboard-SDK-ROS-3.8.1/dji_sdk/src/save_log.cpp:545:19:[m[K [01;31m[Kerror: [m[Kâ€˜[01m[Kkal_data[m[Kâ€™ was not declared in this scope
   kal_tag_vel_f = [01;31m[Kkal_data[m[K[14];
                   [01;31m[K^~~~~~~~[m[K
[01m[K/home/aims/catkin_ws/src/Onboard-SDK-ROS-3.8.1/dji_sdk/src/save_log.cpp:545:19:[m[K [01;36m[Knote: [m[Ksuggested alternative: â€˜[01m[Kkal_dt[m[Kâ€™
   kal_tag_vel_f = [01;36m[Kkal_data[m[K[14];
                   [01;36m[K^~~~~~~~[m[K
                   [32m[Kkal_dt[m[K
make[2]: *** [CMakeFiles/save_log.dir/src/save_log.cpp.o] Error 1
make[1]: *** [CMakeFiles/save_log.dir/all] Error 2
make: *** [all] Error 2
