[01m[K/home/aims/catkin_ws/src/Onboard-SDK-ROS-3.8.1/dji_sdk/src/talker_ros_20.cpp:104:7:[m[K [01;31m[Kerror: [m[Kâ€˜[01m[Kfloat boost[m[Kâ€™ redeclared as different kind of symbol
 float [01;31m[Kboost[m[K = 2;
       [01;31m[K^~~~~[m[K
In file included from [01m[K/opt/ros/melodic/include/ros/time.h:57:0[m[K,
                 from [01m[K/opt/ros/melodic/include/ros/ros.h:38[m[K,
                 from [01m[K/home/aims/catkin_ws/src/Onboard-SDK-ROS-3.8.1/dji_sdk/src/talker_ros_20.cpp:1[m[K:
[01m[K/opt/ros/melodic/include/ros/duration.h:56:11:[m[K [01;36m[Knote: [m[Kprevious declaration â€˜[01m[Knamespace boost { }[m[Kâ€™
 namespace [01;36m[Kboost[m[K {
           [01;36m[K^~~~~[m[K
[01m[K/home/aims/catkin_ws/src/Onboard-SDK-ROS-3.8.1/dji_sdk/src/talker_ros_20.cpp:[m[K In lambda function:
[01m[K/home/aims/catkin_ws/src/Onboard-SDK-ROS-3.8.1/dji_sdk/src/talker_ros_20.cpp:350:53:[m[K [01;31m[Kerror: [m[Kexpected primary-expression before â€˜[01m[K-[m[Kâ€™ token
           kp_l = 1 + fabs(y_tf / z_tf) * 2 * (boost [01;31m[K-[m[K 1);
                                                     [01;31m[K^[m[K
[01m[K/home/aims/catkin_ws/src/Onboard-SDK-ROS-3.8.1/dji_sdk/src/talker_ros_20.cpp:351:53:[m[K [01;31m[Kerror: [m[Kexpected primary-expression before â€˜[01m[K-[m[Kâ€™ token
           kp_f = 1 + fabs(x_tf / z_tf) * 3 * (boost [01;31m[K-[m[K 1);
                                                     [01;31m[K^[m[K
make[2]: *** [CMakeFiles/talker_ros_20.dir/src/talker_ros_20.cpp.o] Error 1
make[1]: *** [CMakeFiles/talker_ros_20.dir/all] Error 2
make: *** [all] Error 2
